2022-04-07 08:13:50 +0000  Initial pipeline context: <IDEDistributionProcessingPipelineContext: 0x7fa3d2420060; archive(resolved)="<IDEArchive: 0x7fa3750b4470>", distributionTask(resolved)="2", distributionDestination(resolved)="1", distributionMethod(resolved)="<IDEDistributionMethodDevelopmentSigned: 0x7fa42231e5d0>", team(resolved)="<IDEProvisioningDisambiguatableBasicTeam: 0x7fa3c589ce70; teamID='8GUCW5R486', teamName='Tran Trong Kiet', teamType='Individual', username='kiet.agrivietnam@gmail.com', isFreeProvisioningTeam='0'>">
	Chain (14, self inclusive):
	<IDEDistributionProcessingPipelineContext: 0x7fa3d2420060; archive = "<IDEArchive: 0x7fa3750b4470>", distributionMethod="<IDEDistributionMethodDevelopmentSigned: 0x7fa42231e5d0>", team="<IDEProvisioningDisambiguatableBasicTeam: 0x7fa3c589ce70; teamID='8GUCW5R486', teamName='Tran Trong Kiet', teamType='Individual', username='kiet.agrivietnam@gmail.com', isFreeProvisioningTeam='0'>">
	<IDEDistributionProcessingPipelineContext: 0x7fa3d14f7930; archive = "<IDEArchive: 0x7fa3750b4470>", distributionMethod="<IDEDistributionMethodDevelopmentSigned: 0x7fa42231e5d0>", team="<IDEProvisioningDisambiguatableBasicTeam: 0x7fa3c589ce70; teamID='8GUCW5R486', teamName='Tran Trong Kiet', teamType='Individual', username='kiet.agrivietnam@gmail.com', isFreeProvisioningTeam='0'>">
	<IDEDistributionContext: 0x7fa3d43b02e0; archive = "<IDEArchive: 0x7fa3750b4470>", distributionMethod="<IDEDistributionMethodDevelopmentSigned: 0x7fa42231e5d0>", team="<IDEProvisioningDisambiguatableBasicTeam: 0x7fa3c589ce70; teamID='8GUCW5R486', teamName='Tran Trong Kiet', teamType='Individual', username='kiet.agrivietnam@gmail.com', isFreeProvisioningTeam='0'>">
	<IDEDistributionContext: 0x7fa3761a8e20; archive = "<IDEArchive: 0x7fa3750b4470>", distributionMethod="<IDEDistributionMethodDevelopmentSigned: 0x7fa42231e5d0>", team="<IDEProvisioningDisambiguatableBasicTeam: 0x7fa3c589ce70; teamID='8GUCW5R486', teamName='Tran Trong Kiet', teamType='Individual', username='kiet.agrivietnam@gmail.com', isFreeProvisioningTeam='0'>">
	<IDEDistributionContext: 0x7fa376150620; archive = "<IDEArchive: 0x7fa3750b4470>", distributionMethod="<IDEDistributionMethodDevelopmentSigned: 0x7fa42231e5d0>", team="<IDEProvisioningDisambiguatableBasicTeam: 0x7fa3c589ce70; teamID='8GUCW5R486', teamName='Tran Trong Kiet', teamType='Individual', username='kiet.agrivietnam@gmail.com', isFreeProvisioningTeam='0'>">
	<IDEDistributionContext: 0x7fa376150450; archive = "<IDEArchive: 0x7fa3750b4470>", distributionMethod="<IDEDistributionMethodDevelopmentSigned: 0x7fa42231e5d0>", team="<IDEProvisioningDisambiguatableBasicTeam: 0x7fa3c589ce70; teamID='8GUCW5R486', teamName='Tran Trong Kiet', teamType='Individual', username='kiet.agrivietnam@gmail.com', isFreeProvisioningTeam='0'>">
	<IDEDistributionContext: 0x7fa3761aa140; archive = "<IDEArchive: 0x7fa3750b4470>", distributionMethod="<IDEDistributionMethodDevelopmentSigned: 0x7fa42231e5d0>", team="<IDEProvisioningDisambiguatableBasicTeam: 0x7fa3c589ce70; teamID='8GUCW5R486', teamName='Tran Trong Kiet', teamType='Individual', username='kiet.agrivietnam@gmail.com', isFreeProvisioningTeam='0'>">
	<IDEDistributionContext: 0x7fa3d760ab40; archive = "<IDEArchive: 0x7fa3750b4470>", distributionMethod="<IDEDistributionMethodDevelopmentSigned: 0x7fa42231e5d0>", team="<IDEProvisioningDisambiguatableBasicTeam: 0x7fa3c589ce70; teamID='8GUCW5R486', teamName='Tran Trong Kiet', teamType='Individual', username='kiet.agrivietnam@gmail.com', isFreeProvisioningTeam='0'>">
	<IDEDistributionContext: 0x7fa3d1994b10; archive = "<IDEArchive: 0x7fa3750b4470>", distributionMethod="<IDEDistributionMethodDevelopmentSigned: 0x7fa42231e5d0>", team="<IDEProvisioningDisambiguatableBasicTeam: 0x7fa3c589ce70; teamID='8GUCW5R486', teamName='Tran Trong Kiet', teamType='Individual', username='kiet.agrivietnam@gmail.com', isFreeProvisioningTeam='0'>">
	<IDEDistributionContext: 0x7fa3761a8ae0; archive = "<IDEArchive: 0x7fa3750b4470>", distributionMethod="<IDEDistributionMethodDevelopmentSigned: 0x7fa42231e5d0>", team="(null)">
	<IDEDistributionContext: 0x7fa3761a8540; archive = "<IDEArchive: 0x7fa3750b4470>", distributionMethod="<IDEDistributionMethodDevelopmentSigned: 0x7fa42231e5d0>", team="(null)">
	<IDEDistributionContext: 0x7fa3761a8260; archive = "<IDEArchive: 0x7fa3750b4470>", distributionMethod="<IDEDistributionMethodDevelopmentSigned: 0x7fa42231e5d0>", team="(null)">
	<IDEDistributionContext: 0x7fa3d0be3180; archive = "<IDEArchive: 0x7fa3750b4470>", distributionMethod="<IDEDistributionMethodDevelopmentSigned: 0x7fa42231e5d0>", team="(null)">
	<IDEDistributionContext: 0x7fa3d0bf5eb0; archive = "<IDEArchive: 0x7fa3750b4470>", distributionMethod="(null)", team="(null)">
</IDEDistributionProcessingPipelineContext: 0x7fa3d2420060>
2022-04-07 08:13:50 +0000  Processing step: IDEDistributionCreateDestRootStep
2022-04-07 08:13:50 +0000  Processing step: IDEDistributionCopyItemStep
2022-04-07 08:13:50 +0000  Running /usr/bin/ditto '-V' '/Users/icloudvinatti/Library/Developer/Xcode/Archives/2022-04-07/PaynetOne 07-04-2022, 15.12.xcarchive/Products/Applications/PaynetOne.app' '/var/folders/0_/fr801301719cd5q6dym5_3b40000gn/T/XcodeDistPipeline.~~~zgvgVP/Root/Payload/PaynetOne.app'
2022-04-07 08:13:50 +0000  >>> Copying /Users/icloudvinatti/Library/Developer/Xcode/Archives/2022-04-07/PaynetOne 07-04-2022, 15.12.xcarchive/Products/Applications/PaynetOne.app 
2022-04-07 08:13:50 +0000  copying file ./_CodeSignature/CodeResources ... 
2022-04-07 08:13:50 +0000  9771 bytes for ./_CodeSignature/CodeResources
2022-04-07 08:13:50 +0000  copying file ./AppIcon60x60@2x.png ... 
2022-04-07 08:13:50 +0000  4044 bytes for ./AppIcon60x60@2x.png
2022-04-07 08:13:50 +0000  copying file ./Base.lproj/LaunchScreen.storyboardc/01J-lp-oVM-view-Ze5-6b-2t3.nib ... 
2022-04-07 08:13:50 +0000  2115 bytes for ./Base.lproj/LaunchScreen.storyboardc/01J-lp-oVM-view-Ze5-6b-2t3.nib
copying file ./Base.lproj/LaunchScreen.storyboardc/UIViewController-01J-lp-oVM.nib ... 
2022-04-07 08:13:50 +0000  896 bytes for ./Base.lproj/LaunchScreen.storyboardc/UIViewController-01J-lp-oVM.nib
copying file ./Base.lproj/LaunchScreen.storyboardc/Info.plist ... 
2022-04-07 08:13:50 +0000  258 bytes for ./Base.lproj/LaunchScreen.storyboardc/Info.plist
2022-04-07 08:13:50 +0000  copying file ./privateKey.pem ... 
2022-04-07 08:13:50 +0000  915 bytes for ./privateKey.pem
copying file ./Assets.car ... 
2022-04-07 08:13:50 +0000  347471 bytes for ./Assets.car
copying file ./PaynetOne ... 
2022-04-07 08:13:50 +0000  3900208 bytes for ./PaynetOne
2022-04-07 08:13:50 +0000  copying file ./Frameworks/libswift_Concurrency.dylib ... 
2022-04-07 08:13:50 +0000  6834944 bytes for ./Frameworks/libswift_Concurrency.dylib
2022-04-07 08:13:50 +0000  copying file ./Frameworks/IQKeyboardManagerSwift.framework/_CodeSignature/CodeResources ... 
1798 bytes for ./Frameworks/IQKeyboardManagerSwift.framework/_CodeSignature/CodeResources
copying file ./Frameworks/IQKeyboardManagerSwift.framework/IQKeyboardManagerSwift ... 
2022-04-07 08:13:50 +0000  2635200 bytes for ./Frameworks/IQKeyboardManagerSwift.framework/IQKeyboardManagerSwift
copying file ./Frameworks/IQKeyboardManagerSwift.framework/Info.plist ... 
769 bytes for ./Frameworks/IQKeyboardManagerSwift.framework/Info.plist
copying file ./Frameworks/Toast_Swift.framework/_CodeSignature/CodeResources ... 
2022-04-07 08:13:50 +0000  1798 bytes for ./Frameworks/Toast_Swift.framework/_CodeSignature/CodeResources
copying file ./Frameworks/Toast_Swift.framework/Toast_Swift ... 
2022-04-07 08:13:50 +0000  597296 bytes for ./Frameworks/Toast_Swift.framework/Toast_Swift
copying file ./Frameworks/Toast_Swift.framework/Info.plist ... 
2022-04-07 08:13:50 +0000  745 bytes for ./Frameworks/Toast_Swift.framework/Info.plist
2022-04-07 08:13:50 +0000  copying file ./Frameworks/StepIndicator.framework/_CodeSignature/CodeResources ... 
2022-04-07 08:13:50 +0000  2446 bytes for ./Frameworks/StepIndicator.framework/_CodeSignature/CodeResources
2022-04-07 08:13:50 +0000  copying file ./Frameworks/StepIndicator.framework/StepIndicator.bundle/Assets.car ... 
2022-04-07 08:13:50 +0000  25759 bytes for ./Frameworks/StepIndicator.framework/StepIndicator.bundle/Assets.car
copying file ./Frameworks/StepIndicator.framework/StepIndicator.bundle/Info.plist ... 
2022-04-07 08:13:50 +0000  724 bytes for ./Frameworks/StepIndicator.framework/StepIndicator.bundle/Info.plist
2022-04-07 08:13:50 +0000  copying file ./Frameworks/StepIndicator.framework/StepIndicator ... 
2022-04-07 08:13:50 +0000  655696 bytes for ./Frameworks/StepIndicator.framework/StepIndicator
copying file ./Frameworks/StepIndicator.framework/Info.plist ... 
2022-04-07 08:13:50 +0000  749 bytes for ./Frameworks/StepIndicator.framework/Info.plist
2022-04-07 08:13:50 +0000  copying file ./Frameworks/Alamofire.framework/_CodeSignature/CodeResources ... 
2022-04-07 08:13:50 +0000  1798 bytes for ./Frameworks/Alamofire.framework/_CodeSignature/CodeResources
2022-04-07 08:13:50 +0000  copying file ./Frameworks/Alamofire.framework/Alamofire ... 
2022-04-07 08:13:50 +0000  9155488 bytes for ./Frameworks/Alamofire.framework/Alamofire
copying file ./Frameworks/Alamofire.framework/Info.plist ... 
2022-04-07 08:13:50 +0000  742 bytes for ./Frameworks/Alamofire.framework/Info.plist
copying file ./Frameworks/ObjectMapper.framework/_CodeSignature/CodeResources ... 
1798 bytes for ./Frameworks/ObjectMapper.framework/_CodeSignature/CodeResources
copying file ./Frameworks/ObjectMapper.framework/ObjectMapper ... 
1634464 bytes for ./Frameworks/ObjectMapper.framework/ObjectMapper
copying file ./Frameworks/ObjectMapper.framework/Info.plist ... 
747 bytes for ./Frameworks/ObjectMapper.framework/Info.plist
copying file ./Frameworks/SwiftyRSA.framework/_CodeSignature/CodeResources ... 
1798 bytes for ./Frameworks/SwiftyRSA.framework/_CodeSignature/CodeResources
copying file ./Frameworks/SwiftyRSA.framework/SwiftyRSA ... 
1038224 bytes for ./Frameworks/SwiftyRSA.framework/SwiftyRSA
copying file ./Frameworks/SwiftyRSA.framework/Info.plist ... 
789 bytes for ./Frameworks/SwiftyRSA.framework/Info.plist
copying file ./embedded.mobileprovision ... 
16357 bytes for ./embedded.mobileprovision
copying file ./Info.plist ... 
2022-04-07 08:13:50 +0000  1724 bytes for ./Info.plist
copying file ./PkgInfo ... 
2022-04-07 08:13:50 +0000  8 bytes for ./PkgInfo
2022-04-07 08:13:50 +0000  /usr/bin/ditto exited with 0
2022-04-07 08:13:50 +0000  Processing step: IDEDistributionEmbedProfileStep
2022-04-07 08:13:50 +0000  Skipping profile for item: <IDEDistributionItem: 0x7fa3d68aa750; bundleID='org.cocoapods.Alamofire', path='<DVTFilePath:0x7fa3d68c7e60:'/Users/icloudvinatti/Library/Developer/Xcode/Archives/2022-04-07/PaynetOne 07-04-2022, 15.12.xcarchive/Products/Applications/PaynetOne.app/Frameworks/Alamofire.framework'>', codeSigningInfo='<_DVTCodeSigningInformation_Path: 0x7fa3d43f1190; isSigned='1', isAdHocSigned='0', signingCertificate='<DVTSigningCertificate: 0x7fa3d51acb00; name='Apple Development: Tran Trong Kiet (74A2VA5NCU)', hash='59ED2D42DF8CC39B23D08DAE7B6B4ADE796A48BB', serialNumber='117E08AEF424557620B501C57C470F6F', certificateKinds='(
    "1.2.840.113635.100.6.1.12",
    "1.2.840.113635.100.6.1.2"
), issueDate='2022-03-28 07:43:38 +0000''>', entitlements='(null)', teamID='8GUCW5R486', identifier='org.cocoapods.Alamofire', executablePath='<DVTFilePath:0x7fa3c5c78f20:'/Users/icloudvinatti/Library/Developer/Xcode/Archives/2022-04-07/PaynetOne 07-04-2022, 15.12.xcarchive/Products/Applications/PaynetOne.app/Frameworks/Alamofire.framework/Alamofire'>', hardenedRuntime='0'>'>
2022-04-07 08:13:50 +0000  Skipping profile for item: <IDEDistributionItem: 0x7fa3d73635e0; bundleID='org.cocoapods.IQKeyboardManagerSwift', path='<DVTFilePath:0x7fa3d0acab00:'/Users/icloudvinatti/Library/Developer/Xcode/Archives/2022-04-07/PaynetOne 07-04-2022, 15.12.xcarchive/Products/Applications/PaynetOne.app/Frameworks/IQKeyboardManagerSwift.framework'>', codeSigningInfo='<_DVTCodeSigningInformation_Path: 0x7fa3f17f6c80; isSigned='1', isAdHocSigned='0', signingCertificate='<DVTSigningCertificate: 0x7fa3d51acb00; name='Apple Development: Tran Trong Kiet (74A2VA5NCU)', hash='59ED2D42DF8CC39B23D08DAE7B6B4ADE796A48BB', serialNumber='117E08AEF424557620B501C57C470F6F', certificateKinds='(
    "1.2.840.113635.100.6.1.12",
    "1.2.840.113635.100.6.1.2"
), issueDate='2022-03-28 07:43:38 +0000''>', entitlements='(null)', teamID='8GUCW5R486', identifier='org.cocoapods.IQKeyboardManagerSwift', executablePath='<DVTFilePath:0x7fa3d6dbb1e0:'/Users/icloudvinatti/Library/Developer/Xcode/Archives/2022-04-07/PaynetOne 07-04-2022, 15.12.xcarchive/Products/Applications/PaynetOne.app/Frameworks/IQKeyboardManagerSwift.framework/IQKeyboardManagerSwift'>', hardenedRuntime='0'>'>
2022-04-07 08:13:50 +0000  Skipping profile for item: <IDEDistributionItem: 0x7fa3d445af20; bundleID='org.cocoapods.ObjectMapper', path='<DVTFilePath:0x7fa3d5492d20:'/Users/icloudvinatti/Library/Developer/Xcode/Archives/2022-04-07/PaynetOne 07-04-2022, 15.12.xcarchive/Products/Applications/PaynetOne.app/Frameworks/ObjectMapper.framework'>', codeSigningInfo='<_DVTCodeSigningInformation_Path: 0x7fa3d1a5b140; isSigned='1', isAdHocSigned='0', signingCertificate='<DVTSigningCertificate: 0x7fa3d51acb00; name='Apple Development: Tran Trong Kiet (74A2VA5NCU)', hash='59ED2D42DF8CC39B23D08DAE7B6B4ADE796A48BB', serialNumber='117E08AEF424557620B501C57C470F6F', certificateKinds='(
    "1.2.840.113635.100.6.1.12",
    "1.2.840.113635.100.6.1.2"
), issueDate='2022-03-28 07:43:38 +0000''>', entitlements='(null)', teamID='8GUCW5R486', identifier='org.cocoapods.ObjectMapper', executablePath='<DVTFilePath:0x7fa41744d650:'/Users/icloudvinatti/Library/Developer/Xcode/Archives/2022-04-07/PaynetOne 07-04-2022, 15.12.xcarchive/Products/Applications/PaynetOne.app/Frameworks/ObjectMapper.framework/ObjectMapper'>', hardenedRuntime='0'>'>
2022-04-07 08:13:50 +0000  Skipping profile for item: <IDEDistributionItem: 0x7fa3d5635d90; bundleID='org.cocoapods.StepIndicator', path='<DVTFilePath:0x7fa3d54b24a0:'/Users/icloudvinatti/Library/Developer/Xcode/Archives/2022-04-07/PaynetOne 07-04-2022, 15.12.xcarchive/Products/Applications/PaynetOne.app/Frameworks/StepIndicator.framework'>', codeSigningInfo='<_DVTCodeSigningInformation_Path: 0x7fa3d63890f0; isSigned='1', isAdHocSigned='0', signingCertificate='<DVTSigningCertificate: 0x7fa3d51acb00; name='Apple Development: Tran Trong Kiet (74A2VA5NCU)', hash='59ED2D42DF8CC39B23D08DAE7B6B4ADE796A48BB', serialNumber='117E08AEF424557620B501C57C470F6F', certificateKinds='(
    "1.2.840.113635.100.6.1.12",
    "1.2.840.113635.100.6.1.2"
), issueDate='2022-03-28 07:43:38 +0000''>', entitlements='(null)', teamID='8GUCW5R486', identifier='org.cocoapods.StepIndicator', executablePath='<DVTFilePath:0x7fa3d2795930:'/Users/icloudvinatti/Library/Developer/Xcode/Archives/2022-04-07/PaynetOne 07-04-2022, 15.12.xcarchive/Products/Applications/PaynetOne.app/Frameworks/StepIndicator.framework/StepIndicator'>', hardenedRuntime='0'>'>
2022-04-07 08:13:50 +0000  Skipping profile for item: <IDEDistributionItem: 0x7fa3d541e120; bundleID='org.cocoapods.SwiftyRSA', path='<DVTFilePath:0x7fa3d544b0a0:'/Users/icloudvinatti/Library/Developer/Xcode/Archives/2022-04-07/PaynetOne 07-04-2022, 15.12.xcarchive/Products/Applications/PaynetOne.app/Frameworks/SwiftyRSA.framework'>', codeSigningInfo='<_DVTCodeSigningInformation_Path: 0x7fa3d481bfc0; isSigned='1', isAdHocSigned='0', signingCertificate='<DVTSigningCertificate: 0x7fa3d51acb00; name='Apple Development: Tran Trong Kiet (74A2VA5NCU)', hash='59ED2D42DF8CC39B23D08DAE7B6B4ADE796A48BB', serialNumber='117E08AEF424557620B501C57C470F6F', certificateKinds='(
    "1.2.840.113635.100.6.1.12",
    "1.2.840.113635.100.6.1.2"
), issueDate='2022-03-28 07:43:38 +0000''>', entitlements='(null)', teamID='8GUCW5R486', identifier='org.cocoapods.SwiftyRSA', executablePath='<DVTFilePath:0x7fa3f3bdcc50:'/Users/icloudvinatti/Library/Developer/Xcode/Archives/2022-04-07/PaynetOne 07-04-2022, 15.12.xcarchive/Products/Applications/PaynetOne.app/Frameworks/SwiftyRSA.framework/SwiftyRSA'>', hardenedRuntime='0'>'>
2022-04-07 08:13:50 +0000  Skipping profile for item: <IDEDistributionItem: 0x7fa3d63cce70; bundleID='org.cocoapods.Toast-Swift', path='<DVTFilePath:0x7fa3d5450e40:'/Users/icloudvinatti/Library/Developer/Xcode/Archives/2022-04-07/PaynetOne 07-04-2022, 15.12.xcarchive/Products/Applications/PaynetOne.app/Frameworks/Toast_Swift.framework'>', codeSigningInfo='<_DVTCodeSigningInformation_Path: 0x7fa377743db0; isSigned='1', isAdHocSigned='0', signingCertificate='<DVTSigningCertificate: 0x7fa3d51acb00; name='Apple Development: Tran Trong Kiet (74A2VA5NCU)', hash='59ED2D42DF8CC39B23D08DAE7B6B4ADE796A48BB', serialNumber='117E08AEF424557620B501C57C470F6F', certificateKinds='(
    "1.2.840.113635.100.6.1.12",
    "1.2.840.113635.100.6.1.2"
), issueDate='2022-03-28 07:43:38 +0000''>', entitlements='(null)', teamID='8GUCW5R486', identifier='org.cocoapods.Toast-Swift', executablePath='<DVTFilePath:0x7fa3c4d85340:'/Users/icloudvinatti/Library/Developer/Xcode/Archives/2022-04-07/PaynetOne 07-04-2022, 15.12.xcarchive/Products/Applications/PaynetOne.app/Frameworks/Toast_Swift.framework/Toast_Swift'>', hardenedRuntime='0'>'>
2022-04-07 08:13:50 +0000  Skipping profile for item: <IDEDistributionItem: 0x7fa3d430c690; bundleID='com.apple.dt.runtime.swiftConcurrency', path='<DVTFilePath:0x7fa3d68fd150:'/Users/icloudvinatti/Library/Developer/Xcode/Archives/2022-04-07/PaynetOne 07-04-2022, 15.12.xcarchive/Products/Applications/PaynetOne.app/Frameworks/libswift_Concurrency.dylib'>', codeSigningInfo='<_DVTCodeSigningInformation_Path: 0x7fa42276de20; isSigned='1', isAdHocSigned='0', signingCertificate='<DVTSigningCertificate: 0x7fa3d51acb00; name='Apple Development: Tran Trong Kiet (74A2VA5NCU)', hash='59ED2D42DF8CC39B23D08DAE7B6B4ADE796A48BB', serialNumber='117E08AEF424557620B501C57C470F6F', certificateKinds='(
    "1.2.840.113635.100.6.1.12",
    "1.2.840.113635.100.6.1.2"
), issueDate='2022-03-28 07:43:38 +0000''>', entitlements='(null)', teamID='8GUCW5R486', identifier='com.apple.dt.runtime.swiftConcurrency', executablePath='<DVTFilePath:0x7fa3d68fd150:'/Users/icloudvinatti/Library/Developer/Xcode/Archives/2022-04-07/PaynetOne 07-04-2022, 15.12.xcarchive/Products/Applications/PaynetOne.app/Frameworks/libswift_Concurrency.dylib'>', hardenedRuntime='0'>'>
2022-04-07 08:13:50 +0000  Processing step: IDEDistributionInfoPlistStep
2022-04-07 08:13:50 +0000  Skipping step: IDEDistributionInfoPlistStep because it said so
2022-04-07 08:13:50 +0000  Skipping step: IDEDistributionInfoPlistStep because it said so
2022-04-07 08:13:50 +0000  Skipping step: IDEDistributionInfoPlistStep because it said so
2022-04-07 08:13:50 +0000  Skipping step: IDEDistributionInfoPlistStep because it said so
2022-04-07 08:13:50 +0000  Skipping step: IDEDistributionInfoPlistStep because it said so
2022-04-07 08:13:50 +0000  Skipping step: IDEDistributionInfoPlistStep because it said so
2022-04-07 08:13:50 +0000  Skipping step: IDEDistributionInfoPlistStep because it said so
2022-04-07 08:13:50 +0000  Skipping step: IDEDistributionInfoPlistStep because it said so
2022-04-07 08:13:50 +0000  Processing step: IDEDistributionAppThinningPlistStep
2022-04-07 08:13:50 +0000  Skipping step: IDEDistributionAppThinningPlistStep because it said so
2022-04-07 08:13:50 +0000  Processing step: IDEDistributionCompileBitcodeStep
2022-04-07 08:13:50 +0000  Skipping step: IDEDistributionCompileBitcodeStep because it said so
2022-04-07 08:13:50 +0000  Processing step: IDEDistributionCodeSlimmingStep
2022-04-07 08:13:50 +0000  Running /Applications/Xcode.app/Contents/Developer/Toolchains/XcodeDefault.xctoolchain/usr/bin/bitcode_strip '/var/folders/0_/fr801301719cd5q6dym5_3b40000gn/T/XcodeDistPipeline.~~~zgvgVP/Root/Payload/PaynetOne.app/Frameworks/Alamofire.framework/Alamofire' '-r' '-keep_cs' '-o' '/var/folders/0_/fr801301719cd5q6dym5_3b40000gn/T/XcodeDistPipeline.~~~zgvgVP/Root/Payload/PaynetOne.app/Frameworks/Alamofire.framework/Alamofire'
2022-04-07 08:13:50 +0000  /Applications/Xcode.app/Contents/Developer/Toolchains/XcodeDefault.xctoolchain/usr/bin/bitcode_strip exited with 0
2022-04-07 08:13:50 +0000  Running /Applications/Xcode.app/Contents/Developer/Toolchains/XcodeDefault.xctoolchain/usr/bin/bitcode_strip '/var/folders/0_/fr801301719cd5q6dym5_3b40000gn/T/XcodeDistPipeline.~~~zgvgVP/Root/Payload/PaynetOne.app/Frameworks/IQKeyboardManagerSwift.framework/IQKeyboardManagerSwift' '-r' '-keep_cs' '-o' '/var/folders/0_/fr801301719cd5q6dym5_3b40000gn/T/XcodeDistPipeline.~~~zgvgVP/Root/Payload/PaynetOne.app/Frameworks/IQKeyboardManagerSwift.framework/IQKeyboardManagerSwift'
2022-04-07 08:13:50 +0000  /Applications/Xcode.app/Contents/Developer/Toolchains/XcodeDefault.xctoolchain/usr/bin/bitcode_strip exited with 0
2022-04-07 08:13:50 +0000  Running /Applications/Xcode.app/Contents/Developer/Toolchains/XcodeDefault.xctoolchain/usr/bin/bitcode_strip '/var/folders/0_/fr801301719cd5q6dym5_3b40000gn/T/XcodeDistPipeline.~~~zgvgVP/Root/Payload/PaynetOne.app/Frameworks/ObjectMapper.framework/ObjectMapper' '-r' '-keep_cs' '-o' '/var/folders/0_/fr801301719cd5q6dym5_3b40000gn/T/XcodeDistPipeline.~~~zgvgVP/Root/Payload/PaynetOne.app/Frameworks/ObjectMapper.framework/ObjectMapper'
2022-04-07 08:13:50 +0000  /Applications/Xcode.app/Contents/Developer/Toolchains/XcodeDefault.xctoolchain/usr/bin/bitcode_strip exited with 0
2022-04-07 08:13:50 +0000  Running /Applications/Xcode.app/Contents/Developer/Toolchains/XcodeDefault.xctoolchain/usr/bin/bitcode_strip '/var/folders/0_/fr801301719cd5q6dym5_3b40000gn/T/XcodeDistPipeline.~~~zgvgVP/Root/Payload/PaynetOne.app/Frameworks/StepIndicator.framework/StepIndicator' '-r' '-keep_cs' '-o' '/var/folders/0_/fr801301719cd5q6dym5_3b40000gn/T/XcodeDistPipeline.~~~zgvgVP/Root/Payload/PaynetOne.app/Frameworks/StepIndicator.framework/StepIndicator'
2022-04-07 08:13:50 +0000  /Applications/Xcode.app/Contents/Developer/Toolchains/XcodeDefault.xctoolchain/usr/bin/bitcode_strip exited with 0
2022-04-07 08:13:50 +0000  Running /Applications/Xcode.app/Contents/Developer/Toolchains/XcodeDefault.xctoolchain/usr/bin/bitcode_strip '/var/folders/0_/fr801301719cd5q6dym5_3b40000gn/T/XcodeDistPipeline.~~~zgvgVP/Root/Payload/PaynetOne.app/Frameworks/SwiftyRSA.framework/SwiftyRSA' '-r' '-keep_cs' '-o' '/var/folders/0_/fr801301719cd5q6dym5_3b40000gn/T/XcodeDistPipeline.~~~zgvgVP/Root/Payload/PaynetOne.app/Frameworks/SwiftyRSA.framework/SwiftyRSA'
2022-04-07 08:13:50 +0000  /Applications/Xcode.app/Contents/Developer/Toolchains/XcodeDefault.xctoolchain/usr/bin/bitcode_strip exited with 0
2022-04-07 08:13:50 +0000  Running /Applications/Xcode.app/Contents/Developer/Toolchains/XcodeDefault.xctoolchain/usr/bin/bitcode_strip '/var/folders/0_/fr801301719cd5q6dym5_3b40000gn/T/XcodeDistPipeline.~~~zgvgVP/Root/Payload/PaynetOne.app/Frameworks/Toast_Swift.framework/Toast_Swift' '-r' '-keep_cs' '-o' '/var/folders/0_/fr801301719cd5q6dym5_3b40000gn/T/XcodeDistPipeline.~~~zgvgVP/Root/Payload/PaynetOne.app/Frameworks/Toast_Swift.framework/Toast_Swift'
2022-04-07 08:13:50 +0000  /Applications/Xcode.app/Contents/Developer/Toolchains/XcodeDefault.xctoolchain/usr/bin/bitcode_strip exited with 0
2022-04-07 08:13:50 +0000  Running /Applications/Xcode.app/Contents/Developer/Toolchains/XcodeDefault.xctoolchain/usr/bin/bitcode_strip '/var/folders/0_/fr801301719cd5q6dym5_3b40000gn/T/XcodeDistPipeline.~~~zgvgVP/Root/Payload/PaynetOne.app/Frameworks/libswift_Concurrency.dylib' '-r' '-keep_cs' '-o' '/var/folders/0_/fr801301719cd5q6dym5_3b40000gn/T/XcodeDistPipeline.~~~zgvgVP/Root/Payload/PaynetOne.app/Frameworks/libswift_Concurrency.dylib'
2022-04-07 08:13:50 +0000  /Applications/Xcode.app/Contents/Developer/Toolchains/XcodeDefault.xctoolchain/usr/bin/bitcode_strip exited with 0
2022-04-07 08:13:50 +0000  Running /Applications/Xcode.app/Contents/Developer/Toolchains/XcodeDefault.xctoolchain/usr/bin/bitcode_strip '/var/folders/0_/fr801301719cd5q6dym5_3b40000gn/T/XcodeDistPipeline.~~~zgvgVP/Root/Payload/PaynetOne.app/PaynetOne' '-r' '-keep_cs' '-o' '/var/folders/0_/fr801301719cd5q6dym5_3b40000gn/T/XcodeDistPipeline.~~~zgvgVP/Root/Payload/PaynetOne.app/PaynetOne'
2022-04-07 08:13:50 +0000  /Applications/Xcode.app/Contents/Developer/Toolchains/XcodeDefault.xctoolchain/usr/bin/bitcode_strip exited with 0
2022-04-07 08:13:50 +0000  Processing step: IDEDistributionCopyBCSymbolMapsStep
2022-04-07 08:13:50 +0000  Skipping step: IDEDistributionCopyBCSymbolMapsStep because it said so
2022-04-07 08:13:50 +0000  Skipping step: IDEDistributionCopyBCSymbolMapsStep because it said so
2022-04-07 08:13:50 +0000  Skipping step: IDEDistributionCopyBCSymbolMapsStep because it said so
2022-04-07 08:13:50 +0000  Skipping step: IDEDistributionCopyBCSymbolMapsStep because it said so
2022-04-07 08:13:50 +0000  Skipping step: IDEDistributionCopyBCSymbolMapsStep because it said so
2022-04-07 08:13:50 +0000  Skipping step: IDEDistributionCopyBCSymbolMapsStep because it said so
2022-04-07 08:13:50 +0000  Skipping step: IDEDistributionCopyBCSymbolMapsStep because it said so
2022-04-07 08:13:50 +0000  Skipping step: IDEDistributionCopyBCSymbolMapsStep because it said so
2022-04-07 08:13:50 +0000  Processing step: IDEDistributionSymbolsStep
2022-04-07 08:13:50 +0000  Skipping step: IDEDistributionSymbolsStep because it said so
2022-04-07 08:13:50 +0000  Skipping step: IDEDistributionSymbolsStep because it said so
2022-04-07 08:13:50 +0000  Skipping step: IDEDistributionSymbolsStep because it said so
2022-04-07 08:13:50 +0000  Skipping step: IDEDistributionSymbolsStep because it said so
2022-04-07 08:13:50 +0000  Skipping step: IDEDistributionSymbolsStep because it said so
2022-04-07 08:13:50 +0000  Skipping step: IDEDistributionSymbolsStep because it said so
2022-04-07 08:13:50 +0000  Skipping step: IDEDistributionSymbolsStep because it said so
2022-04-07 08:13:50 +0000  Skipping step: IDEDistributionSymbolsStep because it said so
2022-04-07 08:13:50 +0000  Processing step: IDEDistributionAppThinningStep
2022-04-07 08:13:50 +0000  Skipping step: IDEDistributionAppThinningStep because it said so
2022-04-07 08:13:50 +0000  Processing step: IDEDistributionArchThinningStep
2022-04-07 08:13:50 +0000  Running /Applications/Xcode.app/Contents/Developer/Toolchains/XcodeDefault.xctoolchain/usr/bin/lipo '/var/folders/0_/fr801301719cd5q6dym5_3b40000gn/T/XcodeDistPipeline.~~~zgvgVP/Root/Payload/PaynetOne.app/Frameworks/Alamofire.framework/Alamofire' '-verify_arch' 'arm64e'
2022-04-07 08:13:50 +0000  /Applications/Xcode.app/Contents/Developer/Toolchains/XcodeDefault.xctoolchain/usr/bin/lipo exited with 1
2022-04-07 08:13:50 +0000  Skipping architecture thinning for item "Alamofire" because arch "arm64e" wasn't found
2022-04-07 08:13:50 +0000  Running /Applications/Xcode.app/Contents/Developer/Toolchains/XcodeDefault.xctoolchain/usr/bin/lipo '/var/folders/0_/fr801301719cd5q6dym5_3b40000gn/T/XcodeDistPipeline.~~~zgvgVP/Root/Payload/PaynetOne.app/Frameworks/IQKeyboardManagerSwift.framework/IQKeyboardManagerSwift' '-verify_arch' 'arm64e'
2022-04-07 08:13:50 +0000  /Applications/Xcode.app/Contents/Developer/Toolchains/XcodeDefault.xctoolchain/usr/bin/lipo exited with 1
2022-04-07 08:13:50 +0000  Skipping architecture thinning for item "IQKeyboardManagerSwift" because arch "arm64e" wasn't found
2022-04-07 08:13:50 +0000  Running /Applications/Xcode.app/Contents/Developer/Toolchains/XcodeDefault.xctoolchain/usr/bin/lipo '/var/folders/0_/fr801301719cd5q6dym5_3b40000gn/T/XcodeDistPipeline.~~~zgvgVP/Root/Payload/PaynetOne.app/Frameworks/ObjectMapper.framework/ObjectMapper' '-verify_arch' 'arm64e'
2022-04-07 08:13:50 +0000  /Applications/Xcode.app/Contents/Developer/Toolchains/XcodeDefault.xctoolchain/usr/bin/lipo exited with 1
2022-04-07 08:13:50 +0000  Skipping architecture thinning for item "ObjectMapper" because arch "arm64e" wasn't found
2022-04-07 08:13:50 +0000  Running /Applications/Xcode.app/Contents/Developer/Toolchains/XcodeDefault.xctoolchain/usr/bin/lipo '/var/folders/0_/fr801301719cd5q6dym5_3b40000gn/T/XcodeDistPipeline.~~~zgvgVP/Root/Payload/PaynetOne.app/Frameworks/StepIndicator.framework/StepIndicator' '-verify_arch' 'arm64e'
2022-04-07 08:13:50 +0000  /Applications/Xcode.app/Contents/Developer/Toolchains/XcodeDefault.xctoolchain/usr/bin/lipo exited with 1
2022-04-07 08:13:50 +0000  Skipping architecture thinning for item "StepIndicator" because arch "arm64e" wasn't found
2022-04-07 08:13:50 +0000  Running /Applications/Xcode.app/Contents/Developer/Toolchains/XcodeDefault.xctoolchain/usr/bin/lipo '/var/folders/0_/fr801301719cd5q6dym5_3b40000gn/T/XcodeDistPipeline.~~~zgvgVP/Root/Payload/PaynetOne.app/Frameworks/SwiftyRSA.framework/SwiftyRSA' '-verify_arch' 'arm64e'
2022-04-07 08:13:50 +0000  /Applications/Xcode.app/Contents/Developer/Toolchains/XcodeDefault.xctoolchain/usr/bin/lipo exited with 1
2022-04-07 08:13:50 +0000  Skipping architecture thinning for item "SwiftyRSA" because arch "arm64e" wasn't found
2022-04-07 08:13:50 +0000  Running /Applications/Xcode.app/Contents/Developer/Toolchains/XcodeDefault.xctoolchain/usr/bin/lipo '/var/folders/0_/fr801301719cd5q6dym5_3b40000gn/T/XcodeDistPipeline.~~~zgvgVP/Root/Payload/PaynetOne.app/Frameworks/Toast_Swift.framework/Toast_Swift' '-verify_arch' 'arm64e'
2022-04-07 08:13:50 +0000  /Applications/Xcode.app/Contents/Developer/Toolchains/XcodeDefault.xctoolchain/usr/bin/lipo exited with 1
2022-04-07 08:13:50 +0000  Skipping architecture thinning for item "Toast_Swift" because arch "arm64e" wasn't found
2022-04-07 08:13:50 +0000  Running /Applications/Xcode.app/Contents/Developer/Toolchains/XcodeDefault.xctoolchain/usr/bin/lipo '/var/folders/0_/fr801301719cd5q6dym5_3b40000gn/T/XcodeDistPipeline.~~~zgvgVP/Root/Payload/PaynetOne.app/Frameworks/libswift_Concurrency.dylib' '-verify_arch' 'arm64e'
2022-04-07 08:13:50 +0000  /Applications/Xcode.app/Contents/Developer/Toolchains/XcodeDefault.xctoolchain/usr/bin/lipo exited with 1
2022-04-07 08:13:50 +0000  Skipping architecture thinning for item "libswift_Concurrency.dylib" because arch "arm64e" wasn't found
2022-04-07 08:13:50 +0000  Running /Applications/Xcode.app/Contents/Developer/Toolchains/XcodeDefault.xctoolchain/usr/bin/lipo '/var/folders/0_/fr801301719cd5q6dym5_3b40000gn/T/XcodeDistPipeline.~~~zgvgVP/Root/Payload/PaynetOne.app/PaynetOne' '-verify_arch' 'arm64e'
2022-04-07 08:13:50 +0000  /Applications/Xcode.app/Contents/Developer/Toolchains/XcodeDefault.xctoolchain/usr/bin/lipo exited with 1
2022-04-07 08:13:50 +0000  Skipping architecture thinning for item "PaynetOne" because arch "arm64e" wasn't found
2022-04-07 08:13:50 +0000  Processing step: IDEDistributionODRStep
2022-04-07 08:13:50 +0000  Processing step: IDEDistributionStripXattrsStep
2022-04-07 08:13:50 +0000  Skipping stripping extended attributes of item: <IDEDistributionItem: 0x7fa3d68aa750; bundleID='org.cocoapods.Alamofire', path='<DVTFilePath:0x7fa3d68c7e60:'/Users/icloudvinatti/Library/Developer/Xcode/Archives/2022-04-07/PaynetOne 07-04-2022, 15.12.xcarchive/Products/Applications/PaynetOne.app/Frameworks/Alamofire.framework'>', codeSigningInfo='<_DVTCodeSigningInformation_Path: 0x7fa3d43f1190; isSigned='1', isAdHocSigned='0', signingCertificate='<DVTSigningCertificate: 0x7fa3d71c2920; name='Apple Development: Tran Trong Kiet (74A2VA5NCU)', hash='59ED2D42DF8CC39B23D08DAE7B6B4ADE796A48BB', serialNumber='117E08AEF424557620B501C57C470F6F', certificateKinds='(
    "1.2.840.113635.100.6.1.12",
    "1.2.840.113635.100.6.1.2"
), issueDate='2022-03-28 07:43:38 +0000''>', entitlements='(null)', teamID='8GUCW5R486', identifier='org.cocoapods.Alamofire', executablePath='<DVTFilePath:0x7fa3c5c78f20:'/Users/icloudvinatti/Library/Developer/Xcode/Archives/2022-04-07/PaynetOne 07-04-2022, 15.12.xcarchive/Products/Applications/PaynetOne.app/Frameworks/Alamofire.framework/Alamofire'>', hardenedRuntime='0'>'>
2022-04-07 08:13:50 +0000  Skipping stripping extended attributes of item: <IDEDistributionItem: 0x7fa3d73635e0; bundleID='org.cocoapods.IQKeyboardManagerSwift', path='<DVTFilePath:0x7fa3d0acab00:'/Users/icloudvinatti/Library/Developer/Xcode/Archives/2022-04-07/PaynetOne 07-04-2022, 15.12.xcarchive/Products/Applications/PaynetOne.app/Frameworks/IQKeyboardManagerSwift.framework'>', codeSigningInfo='<_DVTCodeSigningInformation_Path: 0x7fa3f17f6c80; isSigned='1', isAdHocSigned='0', signingCertificate='<DVTSigningCertificate: 0x7fa3d71c2920; name='Apple Development: Tran Trong Kiet (74A2VA5NCU)', hash='59ED2D42DF8CC39B23D08DAE7B6B4ADE796A48BB', serialNumber='117E08AEF424557620B501C57C470F6F', certificateKinds='(
    "1.2.840.113635.100.6.1.12",
    "1.2.840.113635.100.6.1.2"
), issueDate='2022-03-28 07:43:38 +0000''>', entitlements='(null)', teamID='8GUCW5R486', identifier='org.cocoapods.IQKeyboardManagerSwift', executablePath='<DVTFilePath:0x7fa3d6dbb1e0:'/Users/icloudvinatti/Library/Developer/Xcode/Archives/2022-04-07/PaynetOne 07-04-2022, 15.12.xcarchive/Products/Applications/PaynetOne.app/Frameworks/IQKeyboardManagerSwift.framework/IQKeyboardManagerSwift'>', hardenedRuntime='0'>'>
2022-04-07 08:13:50 +0000  Skipping stripping extended attributes of item: <IDEDistributionItem: 0x7fa3d445af20; bundleID='org.cocoapods.ObjectMapper', path='<DVTFilePath:0x7fa3d5492d20:'/Users/icloudvinatti/Library/Developer/Xcode/Archives/2022-04-07/PaynetOne 07-04-2022, 15.12.xcarchive/Products/Applications/PaynetOne.app/Frameworks/ObjectMapper.framework'>', codeSigningInfo='<_DVTCodeSigningInformation_Path: 0x7fa3d1a5b140; isSigned='1', isAdHocSigned='0', signingCertificate='<DVTSigningCertificate: 0x7fa3d71c2920; name='Apple Development: Tran Trong Kiet (74A2VA5NCU)', hash='59ED2D42DF8CC39B23D08DAE7B6B4ADE796A48BB', serialNumber='117E08AEF424557620B501C57C470F6F', certificateKinds='(
    "1.2.840.113635.100.6.1.12",
    "1.2.840.113635.100.6.1.2"
), issueDate='2022-03-28 07:43:38 +0000''>', entitlements='(null)', teamID='8GUCW5R486', identifier='org.cocoapods.ObjectMapper', executablePath='<DVTFilePath:0x7fa41744d650:'/Users/icloudvinatti/Library/Developer/Xcode/Archives/2022-04-07/PaynetOne 07-04-2022, 15.12.xcarchive/Products/Applications/PaynetOne.app/Frameworks/ObjectMapper.framework/ObjectMapper'>', hardenedRuntime='0'>'>
2022-04-07 08:13:50 +0000  Skipping stripping extended attributes of item: <IDEDistributionItem: 0x7fa3d5635d90; bundleID='org.cocoapods.StepIndicator', path='<DVTFilePath:0x7fa3d54b24a0:'/Users/icloudvinatti/Library/Developer/Xcode/Archives/2022-04-07/PaynetOne 07-04-2022, 15.12.xcarchive/Products/Applications/PaynetOne.app/Frameworks/StepIndicator.framework'>', codeSigningInfo='<_DVTCodeSigningInformation_Path: 0x7fa3d63890f0; isSigned='1', isAdHocSigned='0', signingCertificate='<DVTSigningCertificate: 0x7fa3d71c2920; name='Apple Development: Tran Trong Kiet (74A2VA5NCU)', hash='59ED2D42DF8CC39B23D08DAE7B6B4ADE796A48BB', serialNumber='117E08AEF424557620B501C57C470F6F', certificateKinds='(
    "1.2.840.113635.100.6.1.12",
    "1.2.840.113635.100.6.1.2"
), issueDate='2022-03-28 07:43:38 +0000''>', entitlements='(null)', teamID='8GUCW5R486', identifier='org.cocoapods.StepIndicator', executablePath='<DVTFilePath:0x7fa3d2795930:'/Users/icloudvinatti/Library/Developer/Xcode/Archives/2022-04-07/PaynetOne 07-04-2022, 15.12.xcarchive/Products/Applications/PaynetOne.app/Frameworks/StepIndicator.framework/StepIndicator'>', hardenedRuntime='0'>'>
2022-04-07 08:13:50 +0000  Skipping stripping extended attributes of item: <IDEDistributionItem: 0x7fa3d541e120; bundleID='org.cocoapods.SwiftyRSA', path='<DVTFilePath:0x7fa3d544b0a0:'/Users/icloudvinatti/Library/Developer/Xcode/Archives/2022-04-07/PaynetOne 07-04-2022, 15.12.xcarchive/Products/Applications/PaynetOne.app/Frameworks/SwiftyRSA.framework'>', codeSigningInfo='<_DVTCodeSigningInformation_Path: 0x7fa3d481bfc0; isSigned='1', isAdHocSigned='0', signingCertificate='<DVTSigningCertificate: 0x7fa3d71c2920; name='Apple Development: Tran Trong Kiet (74A2VA5NCU)', hash='59ED2D42DF8CC39B23D08DAE7B6B4ADE796A48BB', serialNumber='117E08AEF424557620B501C57C470F6F', certificateKinds='(
    "1.2.840.113635.100.6.1.12",
    "1.2.840.113635.100.6.1.2"
), issueDate='2022-03-28 07:43:38 +0000''>', entitlements='(null)', teamID='8GUCW5R486', identifier='org.cocoapods.SwiftyRSA', executablePath='<DVTFilePath:0x7fa3f3bdcc50:'/Users/icloudvinatti/Library/Developer/Xcode/Archives/2022-04-07/PaynetOne 07-04-2022, 15.12.xcarchive/Products/Applications/PaynetOne.app/Frameworks/SwiftyRSA.framework/SwiftyRSA'>', hardenedRuntime='0'>'>
2022-04-07 08:13:50 +0000  Skipping stripping extended attributes of item: <IDEDistributionItem: 0x7fa3d63cce70; bundleID='org.cocoapods.Toast-Swift', path='<DVTFilePath:0x7fa3d5450e40:'/Users/icloudvinatti/Library/Developer/Xcode/Archives/2022-04-07/PaynetOne 07-04-2022, 15.12.xcarchive/Products/Applications/PaynetOne.app/Frameworks/Toast_Swift.framework'>', codeSigningInfo='<_DVTCodeSigningInformation_Path: 0x7fa377743db0; isSigned='1', isAdHocSigned='0', signingCertificate='<DVTSigningCertificate: 0x7fa3d71c2920; name='Apple Development: Tran Trong Kiet (74A2VA5NCU)', hash='59ED2D42DF8CC39B23D08DAE7B6B4ADE796A48BB', serialNumber='117E08AEF424557620B501C57C470F6F', certificateKinds='(
    "1.2.840.113635.100.6.1.12",
    "1.2.840.113635.100.6.1.2"
), issueDate='2022-03-28 07:43:38 +0000''>', entitlements='(null)', teamID='8GUCW5R486', identifier='org.cocoapods.Toast-Swift', executablePath='<DVTFilePath:0x7fa3c4d85340:'/Users/icloudvinatti/Library/Developer/Xcode/Archives/2022-04-07/PaynetOne 07-04-2022, 15.12.xcarchive/Products/Applications/PaynetOne.app/Frameworks/Toast_Swift.framework/Toast_Swift'>', hardenedRuntime='0'>'>
2022-04-07 08:13:50 +0000  Skipping stripping extended attributes of item: <IDEDistributionItem: 0x7fa3d430c690; bundleID='com.apple.dt.runtime.swiftConcurrency', path='<DVTFilePath:0x7fa3d68fd150:'/Users/icloudvinatti/Library/Developer/Xcode/Archives/2022-04-07/PaynetOne 07-04-2022, 15.12.xcarchive/Products/Applications/PaynetOne.app/Frameworks/libswift_Concurrency.dylib'>', codeSigningInfo='<_DVTCodeSigningInformation_Path: 0x7fa42276de20; isSigned='1', isAdHocSigned='0', signingCertificate='<DVTSigningCertificate: 0x7fa3d4bd4a30; name='Apple Development: Tran Trong Kiet (74A2VA5NCU)', hash='59ED2D42DF8CC39B23D08DAE7B6B4ADE796A48BB', serialNumber='117E08AEF424557620B501C57C470F6F', certificateKinds='(
    "1.2.840.113635.100.6.1.12",
    "1.2.840.113635.100.6.1.2"
), issueDate='2022-03-28 07:43:38 +0000''>', entitlements='(null)', teamID='8GUCW5R486', identifier='com.apple.dt.runtime.swiftConcurrency', executablePath='<DVTFilePath:0x7fa3d68fd150:'/Users/icloudvinatti/Library/Developer/Xcode/Archives/2022-04-07/PaynetOne 07-04-2022, 15.12.xcarchive/Products/Applications/PaynetOne.app/Frameworks/libswift_Concurrency.dylib'>', hardenedRuntime='0'>'>
2022-04-07 08:13:50 +0000  Running /usr/bin/xattr '-crs' '/var/folders/0_/fr801301719cd5q6dym5_3b40000gn/T/XcodeDistPipeline.~~~zgvgVP/Root/Payload/PaynetOne.app'
2022-04-07 08:13:50 +0000  /usr/bin/xattr exited with 0
2022-04-07 08:13:50 +0000  Processing step: IDEDistributionCodesignStep
2022-04-07 08:13:50 +0000  Entitlements for <IDEDistributionItem: 0x7fa3d68aa750; bundleID='org.cocoapods.Alamofire', path='<DVTFilePath:0x7fa3d68c7e60:'/Users/icloudvinatti/Library/Developer/Xcode/Archives/2022-04-07/PaynetOne 07-04-2022, 15.12.xcarchive/Products/Applications/PaynetOne.app/Frameworks/Alamofire.framework'>', codeSigningInfo='<_DVTCodeSigningInformation_Path: 0x7fa3d43f1190; isSigned='1', isAdHocSigned='0', signingCertificate='<DVTSigningCertificate: 0x7fa3d71c2920; name='Apple Development: Tran Trong Kiet (74A2VA5NCU)', hash='59ED2D42DF8CC39B23D08DAE7B6B4ADE796A48BB', serialNumber='117E08AEF424557620B501C57C470F6F', certificateKinds='(
    "1.2.840.113635.100.6.1.12",
    "1.2.840.113635.100.6.1.2"
), issueDate='2022-03-28 07:43:38 +0000''>', entitlements='(null)', teamID='8GUCW5R486', identifier='org.cocoapods.Alamofire', executablePath='<DVTFilePath:0x7fa3c5c78f20:'/Users/icloudvinatti/Library/Developer/Xcode/Archives/2022-04-07/PaynetOne 07-04-2022, 15.12.xcarchive/Products/Applications/PaynetOne.app/Frameworks/Alamofire.framework/Alamofire'>', hardenedRuntime='0'>'>: {
}
2022-04-07 08:13:50 +0000  Entitlements for <IDEDistributionItem: 0x7fa3d68aa750; bundleID='org.cocoapods.Alamofire', path='<DVTFilePath:0x7fa3d68c7e60:'/Users/icloudvinatti/Library/Developer/Xcode/Archives/2022-04-07/PaynetOne 07-04-2022, 15.12.xcarchive/Products/Applications/PaynetOne.app/Frameworks/Alamofire.framework'>', codeSigningInfo='<_DVTCodeSigningInformation_Path: 0x7fa3d43f1190; isSigned='1', isAdHocSigned='0', signingCertificate='<DVTSigningCertificate: 0x7fa3d24874e0; name='Apple Development: Tran Trong Kiet (74A2VA5NCU)', hash='59ED2D42DF8CC39B23D08DAE7B6B4ADE796A48BB', serialNumber='117E08AEF424557620B501C57C470F6F', certificateKinds='(
    "1.2.840.113635.100.6.1.12",
    "1.2.840.113635.100.6.1.2"
), issueDate='2022-03-28 07:43:38 +0000''>', entitlements='(null)', teamID='8GUCW5R486', identifier='org.cocoapods.Alamofire', executablePath='<DVTFilePath:0x7fa3c5c78f20:'/Users/icloudvinatti/Library/Developer/Xcode/Archives/2022-04-07/PaynetOne 07-04-2022, 15.12.xcarchive/Products/Applications/PaynetOne.app/Frameworks/Alamofire.framework/Alamofire'>', hardenedRuntime='0'>'> are: {
}
2022-04-07 08:13:50 +0000  Writing entitlements for <IDEDistributionItem: 0x7fa3d68aa750; bundleID='org.cocoapods.Alamofire', path='<DVTFilePath:0x7fa3d68c7e60:'/Users/icloudvinatti/Library/Developer/Xcode/Archives/2022-04-07/PaynetOne 07-04-2022, 15.12.xcarchive/Products/Applications/PaynetOne.app/Frameworks/Alamofire.framework'>', codeSigningInfo='<_DVTCodeSigningInformation_Path: 0x7fa3d43f1190; isSigned='1', isAdHocSigned='0', signingCertificate='<DVTSigningCertificate: 0x7fa3d0a68f20; name='Apple Development: Tran Trong Kiet (74A2VA5NCU)', hash='59ED2D42DF8CC39B23D08DAE7B6B4ADE796A48BB', serialNumber='117E08AEF424557620B501C57C470F6F', certificateKinds='(
    "1.2.840.113635.100.6.1.12",
    "1.2.840.113635.100.6.1.2"
), issueDate='2022-03-28 07:43:38 +0000''>', entitlements='(null)', teamID='8GUCW5R486', identifier='org.cocoapods.Alamofire', executablePath='<DVTFilePath:0x7fa3c5c78f20:'/Users/icloudvinatti/Library/Developer/Xcode/Archives/2022-04-07/PaynetOne 07-04-2022, 15.12.xcarchive/Products/Applications/PaynetOne.app/Frameworks/Alamofire.framework/Alamofire'>', hardenedRuntime='0'>'> to: /var/folders/0_/fr801301719cd5q6dym5_3b40000gn/T/XcodeDistPipeline.~~~zgvgVP/entitlements~~~oG2jdD
2022-04-07 08:13:50 +0000  Running /usr/bin/codesign '-vvv' '--force' '--sign' '59ED2D42DF8CC39B23D08DAE7B6B4ADE796A48BB' '--entitlements' '/var/folders/0_/fr801301719cd5q6dym5_3b40000gn/T/XcodeDistPipeline.~~~zgvgVP/entitlements~~~oG2jdD' '--generate-entitlement-der' '--preserve-metadata=identifier,flags,runtime' '/var/folders/0_/fr801301719cd5q6dym5_3b40000gn/T/XcodeDistPipeline.~~~zgvgVP/Root/Payload/PaynetOne.app/Frameworks/Alamofire.framework'
2022-04-07 08:13:50 +0000  /var/folders/0_/fr801301719cd5q6dym5_3b40000gn/T/XcodeDistPipeline.~~~zgvgVP/Root/Payload/PaynetOne.app/Frameworks/Alamofire.framework: replacing existing signature
2022-04-07 08:13:50 +0000  /var/folders/0_/fr801301719cd5q6dym5_3b40000gn/T/XcodeDistPipeline.~~~zgvgVP/Root/Payload/PaynetOne.app/Frameworks/Alamofire.framework: signed bundle with Mach-O universal (arm64) [org.cocoapods.Alamofire]
2022-04-07 08:13:50 +0000  /usr/bin/codesign exited with 0
2022-04-07 08:13:50 +0000  Entitlements for <IDEDistributionItem: 0x7fa3d73635e0; bundleID='org.cocoapods.IQKeyboardManagerSwift', path='<DVTFilePath:0x7fa3d0acab00:'/Users/icloudvinatti/Library/Developer/Xcode/Archives/2022-04-07/PaynetOne 07-04-2022, 15.12.xcarchive/Products/Applications/PaynetOne.app/Frameworks/IQKeyboardManagerSwift.framework'>', codeSigningInfo='<_DVTCodeSigningInformation_Path: 0x7fa3f17f6c80; isSigned='1', isAdHocSigned='0', signingCertificate='<DVTSigningCertificate: 0x7fa3d71c2920; name='Apple Development: Tran Trong Kiet (74A2VA5NCU)', hash='59ED2D42DF8CC39B23D08DAE7B6B4ADE796A48BB', serialNumber='117E08AEF424557620B501C57C470F6F', certificateKinds='(
    "1.2.840.113635.100.6.1.12",
    "1.2.840.113635.100.6.1.2"
), issueDate='2022-03-28 07:43:38 +0000''>', entitlements='(null)', teamID='8GUCW5R486', identifier='org.cocoapods.IQKeyboardManagerSwift', executablePath='<DVTFilePath:0x7fa3d6dbb1e0:'/Users/icloudvinatti/Library/Developer/Xcode/Archives/2022-04-07/PaynetOne 07-04-2022, 15.12.xcarchive/Products/Applications/PaynetOne.app/Frameworks/IQKeyboardManagerSwift.framework/IQKeyboardManagerSwift'>', hardenedRuntime='0'>'>: {
}
2022-04-07 08:13:50 +0000  Entitlements for <IDEDistributionItem: 0x7fa3d73635e0; bundleID='org.cocoapods.IQKeyboardManagerSwift', path='<DVTFilePath:0x7fa3d0acab00:'/Users/icloudvinatti/Library/Developer/Xcode/Archives/2022-04-07/PaynetOne 07-04-2022, 15.12.xcarchive/Products/Applications/PaynetOne.app/Frameworks/IQKeyboardManagerSwift.framework'>', codeSigningInfo='<_DVTCodeSigningInformation_Path: 0x7fa3f17f6c80; isSigned='1', isAdHocSigned='0', signingCertificate='<DVTSigningCertificate: 0x7fa3d24874e0; name='Apple Development: Tran Trong Kiet (74A2VA5NCU)', hash='59ED2D42DF8CC39B23D08DAE7B6B4ADE796A48BB', serialNumber='117E08AEF424557620B501C57C470F6F', certificateKinds='(
    "1.2.840.113635.100.6.1.12",
    "1.2.840.113635.100.6.1.2"
), issueDate='2022-03-28 07:43:38 +0000''>', entitlements='(null)', teamID='8GUCW5R486', identifier='org.cocoapods.IQKeyboardManagerSwift', executablePath='<DVTFilePath:0x7fa3d6dbb1e0:'/Users/icloudvinatti/Library/Developer/Xcode/Archives/2022-04-07/PaynetOne 07-04-2022, 15.12.xcarchive/Products/Applications/PaynetOne.app/Frameworks/IQKeyboardManagerSwift.framework/IQKeyboardManagerSwift'>', hardenedRuntime='0'>'> are: {
}
2022-04-07 08:13:50 +0000  Writing entitlements for <IDEDistributionItem: 0x7fa3d73635e0; bundleID='org.cocoapods.IQKeyboardManagerSwift', path='<DVTFilePath:0x7fa3d0acab00:'/Users/icloudvinatti/Library/Developer/Xcode/Archives/2022-04-07/PaynetOne 07-04-2022, 15.12.xcarchive/Products/Applications/PaynetOne.app/Frameworks/IQKeyboardManagerSwift.framework'>', codeSigningInfo='<_DVTCodeSigningInformation_Path: 0x7fa3f17f6c80; isSigned='1', isAdHocSigned='0', signingCertificate='<DVTSigningCertificate: 0x7fa3d0a68f20; name='Apple Development: Tran Trong Kiet (74A2VA5NCU)', hash='59ED2D42DF8CC39B23D08DAE7B6B4ADE796A48BB', serialNumber='117E08AEF424557620B501C57C470F6F', certificateKinds='(
    "1.2.840.113635.100.6.1.12",
    "1.2.840.113635.100.6.1.2"
), issueDate='2022-03-28 07:43:38 +0000''>', entitlements='(null)', teamID='8GUCW5R486', identifier='org.cocoapods.IQKeyboardManagerSwift', executablePath='<DVTFilePath:0x7fa3d6dbb1e0:'/Users/icloudvinatti/Library/Developer/Xcode/Archives/2022-04-07/PaynetOne 07-04-2022, 15.12.xcarchive/Products/Applications/PaynetOne.app/Frameworks/IQKeyboardManagerSwift.framework/IQKeyboardManagerSwift'>', hardenedRuntime='0'>'> to: /var/folders/0_/fr801301719cd5q6dym5_3b40000gn/T/XcodeDistPipeline.~~~zgvgVP/entitlements~~~Lc20n9
2022-04-07 08:13:50 +0000  Running /usr/bin/codesign '-vvv' '--force' '--sign' '59ED2D42DF8CC39B23D08DAE7B6B4ADE796A48BB' '--entitlements' '/var/folders/0_/fr801301719cd5q6dym5_3b40000gn/T/XcodeDistPipeline.~~~zgvgVP/entitlements~~~Lc20n9' '--generate-entitlement-der' '--preserve-metadata=identifier,flags,runtime' '/var/folders/0_/fr801301719cd5q6dym5_3b40000gn/T/XcodeDistPipeline.~~~zgvgVP/Root/Payload/PaynetOne.app/Frameworks/IQKeyboardManagerSwift.framework'
2022-04-07 08:13:50 +0000  /var/folders/0_/fr801301719cd5q6dym5_3b40000gn/T/XcodeDistPipeline.~~~zgvgVP/Root/Payload/PaynetOne.app/Frameworks/IQKeyboardManagerSwift.framework: replacing existing signature
2022-04-07 08:13:51 +0000  /var/folders/0_/fr801301719cd5q6dym5_3b40000gn/T/XcodeDistPipeline.~~~zgvgVP/Root/Payload/PaynetOne.app/Frameworks/IQKeyboardManagerSwift.framework: signed bundle with Mach-O universal (arm64) [org.cocoapods.IQKeyboardManagerSwift]
2022-04-07 08:13:51 +0000  /usr/bin/codesign exited with 0
2022-04-07 08:13:51 +0000  Entitlements for <IDEDistributionItem: 0x7fa3d445af20; bundleID='org.cocoapods.ObjectMapper', path='<DVTFilePath:0x7fa3d5492d20:'/Users/icloudvinatti/Library/Developer/Xcode/Archives/2022-04-07/PaynetOne 07-04-2022, 15.12.xcarchive/Products/Applications/PaynetOne.app/Frameworks/ObjectMapper.framework'>', codeSigningInfo='<_DVTCodeSigningInformation_Path: 0x7fa3d1a5b140; isSigned='1', isAdHocSigned='0', signingCertificate='<DVTSigningCertificate: 0x7fa3d71c2920; name='Apple Development: Tran Trong Kiet (74A2VA5NCU)', hash='59ED2D42DF8CC39B23D08DAE7B6B4ADE796A48BB', serialNumber='117E08AEF424557620B501C57C470F6F', certificateKinds='(
    "1.2.840.113635.100.6.1.12",
    "1.2.840.113635.100.6.1.2"
), issueDate='2022-03-28 07:43:38 +0000''>', entitlements='(null)', teamID='8GUCW5R486', identifier='org.cocoapods.ObjectMapper', executablePath='<DVTFilePath:0x7fa41744d650:'/Users/icloudvinatti/Library/Developer/Xcode/Archives/2022-04-07/PaynetOne 07-04-2022, 15.12.xcarchive/Products/Applications/PaynetOne.app/Frameworks/ObjectMapper.framework/ObjectMapper'>', hardenedRuntime='0'>'>: {
}
2022-04-07 08:13:51 +0000  Entitlements for <IDEDistributionItem: 0x7fa3d445af20; bundleID='org.cocoapods.ObjectMapper', path='<DVTFilePath:0x7fa3d5492d20:'/Users/icloudvinatti/Library/Developer/Xcode/Archives/2022-04-07/PaynetOne 07-04-2022, 15.12.xcarchive/Products/Applications/PaynetOne.app/Frameworks/ObjectMapper.framework'>', codeSigningInfo='<_DVTCodeSigningInformation_Path: 0x7fa3d1a5b140; isSigned='1', isAdHocSigned='0', signingCertificate='<DVTSigningCertificate: 0x7fa3d24874e0; name='Apple Development: Tran Trong Kiet (74A2VA5NCU)', hash='59ED2D42DF8CC39B23D08DAE7B6B4ADE796A48BB', serialNumber='117E08AEF424557620B501C57C470F6F', certificateKinds='(
    "1.2.840.113635.100.6.1.12",
    "1.2.840.113635.100.6.1.2"
), issueDate='2022-03-28 07:43:38 +0000''>', entitlements='(null)', teamID='8GUCW5R486', identifier='org.cocoapods.ObjectMapper', executablePath='<DVTFilePath:0x7fa41744d650:'/Users/icloudvinatti/Library/Developer/Xcode/Archives/2022-04-07/PaynetOne 07-04-2022, 15.12.xcarchive/Products/Applications/PaynetOne.app/Frameworks/ObjectMapper.framework/ObjectMapper'>', hardenedRuntime='0'>'> are: {
}
2022-04-07 08:13:51 +0000  Writing entitlements for <IDEDistributionItem: 0x7fa3d445af20; bundleID='org.cocoapods.ObjectMapper', path='<DVTFilePath:0x7fa3d5492d20:'/Users/icloudvinatti/Library/Developer/Xcode/Archives/2022-04-07/PaynetOne 07-04-2022, 15.12.xcarchive/Products/Applications/PaynetOne.app/Frameworks/ObjectMapper.framework'>', codeSigningInfo='<_DVTCodeSigningInformation_Path: 0x7fa3d1a5b140; isSigned='1', isAdHocSigned='0', signingCertificate='<DVTSigningCertificate: 0x7fa3d0a68f20; name='Apple Development: Tran Trong Kiet (74A2VA5NCU)', hash='59ED2D42DF8CC39B23D08DAE7B6B4ADE796A48BB', serialNumber='117E08AEF424557620B501C57C470F6F', certificateKinds='(
    "1.2.840.113635.100.6.1.12",
    "1.2.840.113635.100.6.1.2"
), issueDate='2022-03-28 07:43:38 +0000''>', entitlements='(null)', teamID='8GUCW5R486', identifier='org.cocoapods.ObjectMapper', executablePath='<DVTFilePath:0x7fa41744d650:'/Users/icloudvinatti/Library/Developer/Xcode/Archives/2022-04-07/PaynetOne 07-04-2022, 15.12.xcarchive/Products/Applications/PaynetOne.app/Frameworks/ObjectMapper.framework/ObjectMapper'>', hardenedRuntime='0'>'> to: /var/folders/0_/fr801301719cd5q6dym5_3b40000gn/T/XcodeDistPipeline.~~~zgvgVP/entitlements~~~tbcw8m
2022-04-07 08:13:51 +0000  Running /usr/bin/codesign '-vvv' '--force' '--sign' '59ED2D42DF8CC39B23D08DAE7B6B4ADE796A48BB' '--entitlements' '/var/folders/0_/fr801301719cd5q6dym5_3b40000gn/T/XcodeDistPipeline.~~~zgvgVP/entitlements~~~tbcw8m' '--generate-entitlement-der' '--preserve-metadata=identifier,flags,runtime' '/var/folders/0_/fr801301719cd5q6dym5_3b40000gn/T/XcodeDistPipeline.~~~zgvgVP/Root/Payload/PaynetOne.app/Frameworks/ObjectMapper.framework'
2022-04-07 08:13:51 +0000  /var/folders/0_/fr801301719cd5q6dym5_3b40000gn/T/XcodeDistPipeline.~~~zgvgVP/Root/Payload/PaynetOne.app/Frameworks/ObjectMapper.framework: replacing existing signature
2022-04-07 08:13:51 +0000  /var/folders/0_/fr801301719cd5q6dym5_3b40000gn/T/XcodeDistPipeline.~~~zgvgVP/Root/Payload/PaynetOne.app/Frameworks/ObjectMapper.framework: signed bundle with Mach-O universal (arm64) [org.cocoapods.ObjectMapper]
2022-04-07 08:13:51 +0000  /usr/bin/codesign exited with 0
2022-04-07 08:13:51 +0000  Entitlements for <IDEDistributionItem: 0x7fa3d5635d90; bundleID='org.cocoapods.StepIndicator', path='<DVTFilePath:0x7fa3d54b24a0:'/Users/icloudvinatti/Library/Developer/Xcode/Archives/2022-04-07/PaynetOne 07-04-2022, 15.12.xcarchive/Products/Applications/PaynetOne.app/Frameworks/StepIndicator.framework'>', codeSigningInfo='<_DVTCodeSigningInformation_Path: 0x7fa3d63890f0; isSigned='1', isAdHocSigned='0', signingCertificate='<DVTSigningCertificate: 0x7fa41326cdf0; name='Apple Development: Tran Trong Kiet (74A2VA5NCU)', hash='59ED2D42DF8CC39B23D08DAE7B6B4ADE796A48BB', serialNumber='117E08AEF424557620B501C57C470F6F', certificateKinds='(
    "1.2.840.113635.100.6.1.12",
    "1.2.840.113635.100.6.1.2"
), issueDate='2022-03-28 07:43:38 +0000''>', entitlements='(null)', teamID='8GUCW5R486', identifier='org.cocoapods.StepIndicator', executablePath='<DVTFilePath:0x7fa3d2795930:'/Users/icloudvinatti/Library/Developer/Xcode/Archives/2022-04-07/PaynetOne 07-04-2022, 15.12.xcarchive/Products/Applications/PaynetOne.app/Frameworks/StepIndicator.framework/StepIndicator'>', hardenedRuntime='0'>'>: {
}
2022-04-07 08:13:51 +0000  Entitlements for <IDEDistributionItem: 0x7fa3d5635d90; bundleID='org.cocoapods.StepIndicator', path='<DVTFilePath:0x7fa3d54b24a0:'/Users/icloudvinatti/Library/Developer/Xcode/Archives/2022-04-07/PaynetOne 07-04-2022, 15.12.xcarchive/Products/Applications/PaynetOne.app/Frameworks/StepIndicator.framework'>', codeSigningInfo='<_DVTCodeSigningInformation_Path: 0x7fa3d63890f0; isSigned='1', isAdHocSigned='0', signingCertificate='<DVTSigningCertificate: 0x7fa3d5c9a280; name='Apple Development: Tran Trong Kiet (74A2VA5NCU)', hash='59ED2D42DF8CC39B23D08DAE7B6B4ADE796A48BB', serialNumber='117E08AEF424557620B501C57C470F6F', certificateKinds='(
    "1.2.840.113635.100.6.1.12",
    "1.2.840.113635.100.6.1.2"
), issueDate='2022-03-28 07:43:38 +0000''>', entitlements='(null)', teamID='8GUCW5R486', identifier='org.cocoapods.StepIndicator', executablePath='<DVTFilePath:0x7fa3d2795930:'/Users/icloudvinatti/Library/Developer/Xcode/Archives/2022-04-07/PaynetOne 07-04-2022, 15.12.xcarchive/Products/Applications/PaynetOne.app/Frameworks/StepIndicator.framework/StepIndicator'>', hardenedRuntime='0'>'> are: {
}
2022-04-07 08:13:51 +0000  Writing entitlements for <IDEDistributionItem: 0x7fa3d5635d90; bundleID='org.cocoapods.StepIndicator', path='<DVTFilePath:0x7fa3d54b24a0:'/Users/icloudvinatti/Library/Developer/Xcode/Archives/2022-04-07/PaynetOne 07-04-2022, 15.12.xcarchive/Products/Applications/PaynetOne.app/Frameworks/StepIndicator.framework'>', codeSigningInfo='<_DVTCodeSigningInformation_Path: 0x7fa3d63890f0; isSigned='1', isAdHocSigned='0', signingCertificate='<DVTSigningCertificate: 0x7fa375adc270; name='Apple Development: Tran Trong Kiet (74A2VA5NCU)', hash='59ED2D42DF8CC39B23D08DAE7B6B4ADE796A48BB', serialNumber='117E08AEF424557620B501C57C470F6F', certificateKinds='(
    "1.2.840.113635.100.6.1.12",
    "1.2.840.113635.100.6.1.2"
), issueDate='2022-03-28 07:43:38 +0000''>', entitlements='(null)', teamID='8GUCW5R486', identifier='org.cocoapods.StepIndicator', executablePath='<DVTFilePath:0x7fa3d2795930:'/Users/icloudvinatti/Library/Developer/Xcode/Archives/2022-04-07/PaynetOne 07-04-2022, 15.12.xcarchive/Products/Applications/PaynetOne.app/Frameworks/StepIndicator.framework/StepIndicator'>', hardenedRuntime='0'>'> to: /var/folders/0_/fr801301719cd5q6dym5_3b40000gn/T/XcodeDistPipeline.~~~zgvgVP/entitlements~~~TjB9xt
2022-04-07 08:13:51 +0000  Running /usr/bin/codesign '-vvv' '--force' '--sign' '59ED2D42DF8CC39B23D08DAE7B6B4ADE796A48BB' '--entitlements' '/var/folders/0_/fr801301719cd5q6dym5_3b40000gn/T/XcodeDistPipeline.~~~zgvgVP/entitlements~~~TjB9xt' '--generate-entitlement-der' '--preserve-metadata=identifier,flags,runtime' '/var/folders/0_/fr801301719cd5q6dym5_3b40000gn/T/XcodeDistPipeline.~~~zgvgVP/Root/Payload/PaynetOne.app/Frameworks/StepIndicator.framework'
2022-04-07 08:13:51 +0000  /var/folders/0_/fr801301719cd5q6dym5_3b40000gn/T/XcodeDistPipeline.~~~zgvgVP/Root/Payload/PaynetOne.app/Frameworks/StepIndicator.framework: replacing existing signature
2022-04-07 08:13:51 +0000  /var/folders/0_/fr801301719cd5q6dym5_3b40000gn/T/XcodeDistPipeline.~~~zgvgVP/Root/Payload/PaynetOne.app/Frameworks/StepIndicator.framework: signed bundle with Mach-O universal (arm64) [org.cocoapods.StepIndicator]
2022-04-07 08:13:51 +0000  /usr/bin/codesign exited with 0
2022-04-07 08:13:51 +0000  Entitlements for <IDEDistributionItem: 0x7fa3d541e120; bundleID='org.cocoapods.SwiftyRSA', path='<DVTFilePath:0x7fa3d544b0a0:'/Users/icloudvinatti/Library/Developer/Xcode/Archives/2022-04-07/PaynetOne 07-04-2022, 15.12.xcarchive/Products/Applications/PaynetOne.app/Frameworks/SwiftyRSA.framework'>', codeSigningInfo='<_DVTCodeSigningInformation_Path: 0x7fa3d481bfc0; isSigned='1', isAdHocSigned='0', signingCertificate='<DVTSigningCertificate: 0x7fa3c7e55b20; name='Apple Development: Tran Trong Kiet (74A2VA5NCU)', hash='59ED2D42DF8CC39B23D08DAE7B6B4ADE796A48BB', serialNumber='117E08AEF424557620B501C57C470F6F', certificateKinds='(
    "1.2.840.113635.100.6.1.12",
    "1.2.840.113635.100.6.1.2"
), issueDate='2022-03-28 07:43:38 +0000''>', entitlements='(null)', teamID='8GUCW5R486', identifier='org.cocoapods.SwiftyRSA', executablePath='<DVTFilePath:0x7fa3f3bdcc50:'/Users/icloudvinatti/Library/Developer/Xcode/Archives/2022-04-07/PaynetOne 07-04-2022, 15.12.xcarchive/Products/Applications/PaynetOne.app/Frameworks/SwiftyRSA.framework/SwiftyRSA'>', hardenedRuntime='0'>'>: {
}
2022-04-07 08:13:51 +0000  Entitlements for <IDEDistributionItem: 0x7fa3d541e120; bundleID='org.cocoapods.SwiftyRSA', path='<DVTFilePath:0x7fa3d544b0a0:'/Users/icloudvinatti/Library/Developer/Xcode/Archives/2022-04-07/PaynetOne 07-04-2022, 15.12.xcarchive/Products/Applications/PaynetOne.app/Frameworks/SwiftyRSA.framework'>', codeSigningInfo='<_DVTCodeSigningInformation_Path: 0x7fa3d481bfc0; isSigned='1', isAdHocSigned='0', signingCertificate='<DVTSigningCertificate: 0x7fa3b7126680; name='Apple Development: Tran Trong Kiet (74A2VA5NCU)', hash='59ED2D42DF8CC39B23D08DAE7B6B4ADE796A48BB', serialNumber='117E08AEF424557620B501C57C470F6F', certificateKinds='(
    "1.2.840.113635.100.6.1.12",
    "1.2.840.113635.100.6.1.2"
), issueDate='2022-03-28 07:43:38 +0000''>', entitlements='(null)', teamID='8GUCW5R486', identifier='org.cocoapods.SwiftyRSA', executablePath='<DVTFilePath:0x7fa3f3bdcc50:'/Users/icloudvinatti/Library/Developer/Xcode/Archives/2022-04-07/PaynetOne 07-04-2022, 15.12.xcarchive/Products/Applications/PaynetOne.app/Frameworks/SwiftyRSA.framework/SwiftyRSA'>', hardenedRuntime='0'>'> are: {
}
2022-04-07 08:13:51 +0000  Writing entitlements for <IDEDistributionItem: 0x7fa3d541e120; bundleID='org.cocoapods.SwiftyRSA', path='<DVTFilePath:0x7fa3d544b0a0:'/Users/icloudvinatti/Library/Developer/Xcode/Archives/2022-04-07/PaynetOne 07-04-2022, 15.12.xcarchive/Products/Applications/PaynetOne.app/Frameworks/SwiftyRSA.framework'>', codeSigningInfo='<_DVTCodeSigningInformation_Path: 0x7fa3d481bfc0; isSigned='1', isAdHocSigned='0', signingCertificate='<DVTSigningCertificate: 0x7fa3d71c2920; name='Apple Development: Tran Trong Kiet (74A2VA5NCU)', hash='59ED2D42DF8CC39B23D08DAE7B6B4ADE796A48BB', serialNumber='117E08AEF424557620B501C57C470F6F', certificateKinds='(
    "1.2.840.113635.100.6.1.12",
    "1.2.840.113635.100.6.1.2"
), issueDate='2022-03-28 07:43:38 +0000''>', entitlements='(null)', teamID='8GUCW5R486', identifier='org.cocoapods.SwiftyRSA', executablePath='<DVTFilePath:0x7fa3f3bdcc50:'/Users/icloudvinatti/Library/Developer/Xcode/Archives/2022-04-07/PaynetOne 07-04-2022, 15.12.xcarchive/Products/Applications/PaynetOne.app/Frameworks/SwiftyRSA.framework/SwiftyRSA'>', hardenedRuntime='0'>'> to: /var/folders/0_/fr801301719cd5q6dym5_3b40000gn/T/XcodeDistPipeline.~~~zgvgVP/entitlements~~~c5kYmd
2022-04-07 08:13:51 +0000  Running /usr/bin/codesign '-vvv' '--force' '--sign' '59ED2D42DF8CC39B23D08DAE7B6B4ADE796A48BB' '--entitlements' '/var/folders/0_/fr801301719cd5q6dym5_3b40000gn/T/XcodeDistPipeline.~~~zgvgVP/entitlements~~~c5kYmd' '--generate-entitlement-der' '--preserve-metadata=identifier,flags,runtime' '/var/folders/0_/fr801301719cd5q6dym5_3b40000gn/T/XcodeDistPipeline.~~~zgvgVP/Root/Payload/PaynetOne.app/Frameworks/SwiftyRSA.framework'
2022-04-07 08:13:51 +0000  /var/folders/0_/fr801301719cd5q6dym5_3b40000gn/T/XcodeDistPipeline.~~~zgvgVP/Root/Payload/PaynetOne.app/Frameworks/SwiftyRSA.framework: replacing existing signature
2022-04-07 08:13:51 +0000  /var/folders/0_/fr801301719cd5q6dym5_3b40000gn/T/XcodeDistPipeline.~~~zgvgVP/Root/Payload/PaynetOne.app/Frameworks/SwiftyRSA.framework: signed bundle with Mach-O thin (arm64) [org.cocoapods.SwiftyRSA]
2022-04-07 08:13:51 +0000  /usr/bin/codesign exited with 0
2022-04-07 08:13:51 +0000  Entitlements for <IDEDistributionItem: 0x7fa3d63cce70; bundleID='org.cocoapods.Toast-Swift', path='<DVTFilePath:0x7fa3d5450e40:'/Users/icloudvinatti/Library/Developer/Xcode/Archives/2022-04-07/PaynetOne 07-04-2022, 15.12.xcarchive/Products/Applications/PaynetOne.app/Frameworks/Toast_Swift.framework'>', codeSigningInfo='<_DVTCodeSigningInformation_Path: 0x7fa377743db0; isSigned='1', isAdHocSigned='0', signingCertificate='<DVTSigningCertificate: 0x7fa3d71c2920; name='Apple Development: Tran Trong Kiet (74A2VA5NCU)', hash='59ED2D42DF8CC39B23D08DAE7B6B4ADE796A48BB', serialNumber='117E08AEF424557620B501C57C470F6F', certificateKinds='(
    "1.2.840.113635.100.6.1.12",
    "1.2.840.113635.100.6.1.2"
), issueDate='2022-03-28 07:43:38 +0000''>', entitlements='(null)', teamID='8GUCW5R486', identifier='org.cocoapods.Toast-Swift', executablePath='<DVTFilePath:0x7fa3c4d85340:'/Users/icloudvinatti/Library/Developer/Xcode/Archives/2022-04-07/PaynetOne 07-04-2022, 15.12.xcarchive/Products/Applications/PaynetOne.app/Frameworks/Toast_Swift.framework/Toast_Swift'>', hardenedRuntime='0'>'>: {
}
2022-04-07 08:13:51 +0000  Entitlements for <IDEDistributionItem: 0x7fa3d63cce70; bundleID='org.cocoapods.Toast-Swift', path='<DVTFilePath:0x7fa3d5450e40:'/Users/icloudvinatti/Library/Developer/Xcode/Archives/2022-04-07/PaynetOne 07-04-2022, 15.12.xcarchive/Products/Applications/PaynetOne.app/Frameworks/Toast_Swift.framework'>', codeSigningInfo='<_DVTCodeSigningInformation_Path: 0x7fa377743db0; isSigned='1', isAdHocSigned='0', signingCertificate='<DVTSigningCertificate: 0x7fa3d24874e0; name='Apple Development: Tran Trong Kiet (74A2VA5NCU)', hash='59ED2D42DF8CC39B23D08DAE7B6B4ADE796A48BB', serialNumber='117E08AEF424557620B501C57C470F6F', certificateKinds='(
    "1.2.840.113635.100.6.1.12",
    "1.2.840.113635.100.6.1.2"
), issueDate='2022-03-28 07:43:38 +0000''>', entitlements='(null)', teamID='8GUCW5R486', identifier='org.cocoapods.Toast-Swift', executablePath='<DVTFilePath:0x7fa3c4d85340:'/Users/icloudvinatti/Library/Developer/Xcode/Archives/2022-04-07/PaynetOne 07-04-2022, 15.12.xcarchive/Products/Applications/PaynetOne.app/Frameworks/Toast_Swift.framework/Toast_Swift'>', hardenedRuntime='0'>'> are: {
}
2022-04-07 08:13:51 +0000  Writing entitlements for <IDEDistributionItem: 0x7fa3d63cce70; bundleID='org.cocoapods.Toast-Swift', path='<DVTFilePath:0x7fa3d5450e40:'/Users/icloudvinatti/Library/Developer/Xcode/Archives/2022-04-07/PaynetOne 07-04-2022, 15.12.xcarchive/Products/Applications/PaynetOne.app/Frameworks/Toast_Swift.framework'>', codeSigningInfo='<_DVTCodeSigningInformation_Path: 0x7fa377743db0; isSigned='1', isAdHocSigned='0', signingCertificate='<DVTSigningCertificate: 0x7fa3d0a68f20; name='Apple Development: Tran Trong Kiet (74A2VA5NCU)', hash='59ED2D42DF8CC39B23D08DAE7B6B4ADE796A48BB', serialNumber='117E08AEF424557620B501C57C470F6F', certificateKinds='(
    "1.2.840.113635.100.6.1.12",
    "1.2.840.113635.100.6.1.2"
), issueDate='2022-03-28 07:43:38 +0000''>', entitlements='(null)', teamID='8GUCW5R486', identifier='org.cocoapods.Toast-Swift', executablePath='<DVTFilePath:0x7fa3c4d85340:'/Users/icloudvinatti/Library/Developer/Xcode/Archives/2022-04-07/PaynetOne 07-04-2022, 15.12.xcarchive/Products/Applications/PaynetOne.app/Frameworks/Toast_Swift.framework/Toast_Swift'>', hardenedRuntime='0'>'> to: /var/folders/0_/fr801301719cd5q6dym5_3b40000gn/T/XcodeDistPipeline.~~~zgvgVP/entitlements~~~G8QrkW
2022-04-07 08:13:51 +0000  Running /usr/bin/codesign '-vvv' '--force' '--sign' '59ED2D42DF8CC39B23D08DAE7B6B4ADE796A48BB' '--entitlements' '/var/folders/0_/fr801301719cd5q6dym5_3b40000gn/T/XcodeDistPipeline.~~~zgvgVP/entitlements~~~G8QrkW' '--generate-entitlement-der' '--preserve-metadata=identifier,flags,runtime' '/var/folders/0_/fr801301719cd5q6dym5_3b40000gn/T/XcodeDistPipeline.~~~zgvgVP/Root/Payload/PaynetOne.app/Frameworks/Toast_Swift.framework'
2022-04-07 08:13:51 +0000  /var/folders/0_/fr801301719cd5q6dym5_3b40000gn/T/XcodeDistPipeline.~~~zgvgVP/Root/Payload/PaynetOne.app/Frameworks/Toast_Swift.framework: replacing existing signature
2022-04-07 08:13:51 +0000  /var/folders/0_/fr801301719cd5q6dym5_3b40000gn/T/XcodeDistPipeline.~~~zgvgVP/Root/Payload/PaynetOne.app/Frameworks/Toast_Swift.framework: signed bundle with Mach-O universal (arm64) [org.cocoapods.Toast-Swift]
2022-04-07 08:13:51 +0000  /usr/bin/codesign exited with 0
2022-04-07 08:13:51 +0000  Entitlements for <IDEDistributionItem: 0x7fa3d430c690; bundleID='com.apple.dt.runtime.swiftConcurrency', path='<DVTFilePath:0x7fa3d68fd150:'/Users/icloudvinatti/Library/Developer/Xcode/Archives/2022-04-07/PaynetOne 07-04-2022, 15.12.xcarchive/Products/Applications/PaynetOne.app/Frameworks/libswift_Concurrency.dylib'>', codeSigningInfo='<_DVTCodeSigningInformation_Path: 0x7fa42276de20; isSigned='1', isAdHocSigned='0', signingCertificate='<DVTSigningCertificate: 0x7fa3d71c2920; name='Apple Development: Tran Trong Kiet (74A2VA5NCU)', hash='59ED2D42DF8CC39B23D08DAE7B6B4ADE796A48BB', serialNumber='117E08AEF424557620B501C57C470F6F', certificateKinds='(
    "1.2.840.113635.100.6.1.12",
    "1.2.840.113635.100.6.1.2"
), issueDate='2022-03-28 07:43:38 +0000''>', entitlements='(null)', teamID='8GUCW5R486', identifier='com.apple.dt.runtime.swiftConcurrency', executablePath='<DVTFilePath:0x7fa3d68fd150:'/Users/icloudvinatti/Library/Developer/Xcode/Archives/2022-04-07/PaynetOne 07-04-2022, 15.12.xcarchive/Products/Applications/PaynetOne.app/Frameworks/libswift_Concurrency.dylib'>', hardenedRuntime='0'>'>: {
}
2022-04-07 08:13:51 +0000  Entitlements for <IDEDistributionItem: 0x7fa3d430c690; bundleID='com.apple.dt.runtime.swiftConcurrency', path='<DVTFilePath:0x7fa3d68fd150:'/Users/icloudvinatti/Library/Developer/Xcode/Archives/2022-04-07/PaynetOne 07-04-2022, 15.12.xcarchive/Products/Applications/PaynetOne.app/Frameworks/libswift_Concurrency.dylib'>', codeSigningInfo='<_DVTCodeSigningInformation_Path: 0x7fa42276de20; isSigned='1', isAdHocSigned='0', signingCertificate='<DVTSigningCertificate: 0x7fa3d24874e0; name='Apple Development: Tran Trong Kiet (74A2VA5NCU)', hash='59ED2D42DF8CC39B23D08DAE7B6B4ADE796A48BB', serialNumber='117E08AEF424557620B501C57C470F6F', certificateKinds='(
    "1.2.840.113635.100.6.1.12",
    "1.2.840.113635.100.6.1.2"
), issueDate='2022-03-28 07:43:38 +0000''>', entitlements='(null)', teamID='8GUCW5R486', identifier='com.apple.dt.runtime.swiftConcurrency', executablePath='<DVTFilePath:0x7fa3d68fd150:'/Users/icloudvinatti/Library/Developer/Xcode/Archives/2022-04-07/PaynetOne 07-04-2022, 15.12.xcarchive/Products/Applications/PaynetOne.app/Frameworks/libswift_Concurrency.dylib'>', hardenedRuntime='0'>'> are: {
}
2022-04-07 08:13:51 +0000  Writing entitlements for <IDEDistributionItem: 0x7fa3d430c690; bundleID='com.apple.dt.runtime.swiftConcurrency', path='<DVTFilePath:0x7fa3d68fd150:'/Users/icloudvinatti/Library/Developer/Xcode/Archives/2022-04-07/PaynetOne 07-04-2022, 15.12.xcarchive/Products/Applications/PaynetOne.app/Frameworks/libswift_Concurrency.dylib'>', codeSigningInfo='<_DVTCodeSigningInformation_Path: 0x7fa42276de20; isSigned='1', isAdHocSigned='0', signingCertificate='<DVTSigningCertificate: 0x7fa4163f1f40; name='Apple Development: Tran Trong Kiet (74A2VA5NCU)', hash='59ED2D42DF8CC39B23D08DAE7B6B4ADE796A48BB', serialNumber='117E08AEF424557620B501C57C470F6F', certificateKinds='(
    "1.2.840.113635.100.6.1.12",
    "1.2.840.113635.100.6.1.2"
), issueDate='2022-03-28 07:43:38 +0000''>', entitlements='(null)', teamID='8GUCW5R486', identifier='com.apple.dt.runtime.swiftConcurrency', executablePath='<DVTFilePath:0x7fa3d68fd150:'/Users/icloudvinatti/Library/Developer/Xcode/Archives/2022-04-07/PaynetOne 07-04-2022, 15.12.xcarchive/Products/Applications/PaynetOne.app/Frameworks/libswift_Concurrency.dylib'>', hardenedRuntime='0'>'> to: /var/folders/0_/fr801301719cd5q6dym5_3b40000gn/T/XcodeDistPipeline.~~~zgvgVP/entitlements~~~ZXMwBu
2022-04-07 08:13:51 +0000  Running /usr/bin/codesign '-vvv' '--force' '--sign' '59ED2D42DF8CC39B23D08DAE7B6B4ADE796A48BB' '--entitlements' '/var/folders/0_/fr801301719cd5q6dym5_3b40000gn/T/XcodeDistPipeline.~~~zgvgVP/entitlements~~~ZXMwBu' '--generate-entitlement-der' '--preserve-metadata=identifier,flags,runtime' '/var/folders/0_/fr801301719cd5q6dym5_3b40000gn/T/XcodeDistPipeline.~~~zgvgVP/Root/Payload/PaynetOne.app/Frameworks/libswift_Concurrency.dylib'
2022-04-07 08:13:51 +0000  /var/folders/0_/fr801301719cd5q6dym5_3b40000gn/T/XcodeDistPipeline.~~~zgvgVP/Root/Payload/PaynetOne.app/Frameworks/libswift_Concurrency.dylib: replacing existing signature
2022-04-07 08:13:51 +0000  /var/folders/0_/fr801301719cd5q6dym5_3b40000gn/T/XcodeDistPipeline.~~~zgvgVP/Root/Payload/PaynetOne.app/Frameworks/libswift_Concurrency.dylib: signed Mach-O thin (arm64) [com.apple.dt.runtime.swiftConcurrency]
2022-04-07 08:13:51 +0000  /usr/bin/codesign exited with 0
2022-04-07 08:13:51 +0000  Entitlements for <IDEDistributionItem: 0x7fa3f01de9f0; bundleID='vinatti.com.vn.PaynetOne', path='<DVTFilePath:0x7fa3d59f98d0:'/Users/icloudvinatti/Library/Developer/Xcode/Archives/2022-04-07/PaynetOne 07-04-2022, 15.12.xcarchive/Products/Applications/PaynetOne.app'>', codeSigningInfo='<_DVTCodeSigningInformation_Path: 0x7fa3d71317e0; isSigned='1', isAdHocSigned='0', signingCertificate='<DVTSigningCertificate: 0x7fa41326cdf0; name='Apple Development: Tran Trong Kiet (74A2VA5NCU)', hash='59ED2D42DF8CC39B23D08DAE7B6B4ADE796A48BB', serialNumber='117E08AEF424557620B501C57C470F6F', certificateKinds='(
    "1.2.840.113635.100.6.1.12",
    "1.2.840.113635.100.6.1.2"
), issueDate='2022-03-28 07:43:38 +0000''>', entitlements='{
    "application-identifier" = "8GUCW5R486.vinatti.com.vn.PaynetOne";
    "com.apple.developer.team-identifier" = 8GUCW5R486;
    "get-task-allow" = 1;
}', teamID='8GUCW5R486', identifier='vinatti.com.vn.PaynetOne', executablePath='<DVTFilePath:0x7fa42020c9f0:'/Users/icloudvinatti/Library/Developer/Xcode/Archives/2022-04-07/PaynetOne 07-04-2022, 15.12.xcarchive/Products/Applications/PaynetOne.app/PaynetOne'>', hardenedRuntime='0'>'>: {
    "application-identifier" = "8GUCW5R486.vinatti.com.vn.PaynetOne";
    "com.apple.developer.team-identifier" = 8GUCW5R486;
    "get-task-allow" = 1;
}
2022-04-07 08:13:51 +0000  Entitlements for <IDEDistributionItem: 0x7fa3f01de9f0; bundleID='vinatti.com.vn.PaynetOne', path='<DVTFilePath:0x7fa3d59f98d0:'/Users/icloudvinatti/Library/Developer/Xcode/Archives/2022-04-07/PaynetOne 07-04-2022, 15.12.xcarchive/Products/Applications/PaynetOne.app'>', codeSigningInfo='<_DVTCodeSigningInformation_Path: 0x7fa3d71317e0; isSigned='1', isAdHocSigned='0', signingCertificate='<DVTSigningCertificate: 0x7fa3d0fced00; name='Apple Development: Tran Trong Kiet (74A2VA5NCU)', hash='59ED2D42DF8CC39B23D08DAE7B6B4ADE796A48BB', serialNumber='117E08AEF424557620B501C57C470F6F', certificateKinds='(
    "1.2.840.113635.100.6.1.12",
    "1.2.840.113635.100.6.1.2"
), issueDate='2022-03-28 07:43:38 +0000''>', entitlements='{
    "application-identifier" = "8GUCW5R486.vinatti.com.vn.PaynetOne";
    "com.apple.developer.team-identifier" = 8GUCW5R486;
    "get-task-allow" = 1;
}', teamID='8GUCW5R486', identifier='vinatti.com.vn.PaynetOne', executablePath='<DVTFilePath:0x7fa42020c9f0:'/Users/icloudvinatti/Library/Developer/Xcode/Archives/2022-04-07/PaynetOne 07-04-2022, 15.12.xcarchive/Products/Applications/PaynetOne.app/PaynetOne'>', hardenedRuntime='0'>'> are: {
    "application-identifier" = "8GUCW5R486.vinatti.com.vn.PaynetOne";
    "com.apple.developer.team-identifier" = 8GUCW5R486;
    "get-task-allow" = 1;
}
2022-04-07 08:13:51 +0000  Writing entitlements for <IDEDistributionItem: 0x7fa3f01de9f0; bundleID='vinatti.com.vn.PaynetOne', path='<DVTFilePath:0x7fa3d59f98d0:'/Users/icloudvinatti/Library/Developer/Xcode/Archives/2022-04-07/PaynetOne 07-04-2022, 15.12.xcarchive/Products/Applications/PaynetOne.app'>', codeSigningInfo='<_DVTCodeSigningInformation_Path: 0x7fa3d71317e0; isSigned='1', isAdHocSigned='0', signingCertificate='<DVTSigningCertificate: 0x7fa3d71c2920; name='Apple Development: Tran Trong Kiet (74A2VA5NCU)', hash='59ED2D42DF8CC39B23D08DAE7B6B4ADE796A48BB', serialNumber='117E08AEF424557620B501C57C470F6F', certificateKinds='(
    "1.2.840.113635.100.6.1.12",
    "1.2.840.113635.100.6.1.2"
), issueDate='2022-03-28 07:43:38 +0000''>', entitlements='{
    "application-identifier" = "8GUCW5R486.vinatti.com.vn.PaynetOne";
    "com.apple.developer.team-identifier" = 8GUCW5R486;
    "get-task-allow" = 1;
}', teamID='8GUCW5R486', identifier='vinatti.com.vn.PaynetOne', executablePath='<DVTFilePath:0x7fa42020c9f0:'/Users/icloudvinatti/Library/Developer/Xcode/Archives/2022-04-07/PaynetOne 07-04-2022, 15.12.xcarchive/Products/Applications/PaynetOne.app/PaynetOne'>', hardenedRuntime='0'>'> to: /var/folders/0_/fr801301719cd5q6dym5_3b40000gn/T/XcodeDistPipeline.~~~zgvgVP/entitlements~~~uMMhqf
2022-04-07 08:13:51 +0000  Running /usr/bin/codesign '-vvv' '--force' '--sign' '59ED2D42DF8CC39B23D08DAE7B6B4ADE796A48BB' '--entitlements' '/var/folders/0_/fr801301719cd5q6dym5_3b40000gn/T/XcodeDistPipeline.~~~zgvgVP/entitlements~~~uMMhqf' '--generate-entitlement-der' '--preserve-metadata=identifier,flags,runtime' '/var/folders/0_/fr801301719cd5q6dym5_3b40000gn/T/XcodeDistPipeline.~~~zgvgVP/Root/Payload/PaynetOne.app'
2022-04-07 08:13:51 +0000  /var/folders/0_/fr801301719cd5q6dym5_3b40000gn/T/XcodeDistPipeline.~~~zgvgVP/Root/Payload/PaynetOne.app: replacing existing signature
2022-04-07 08:13:51 +0000  /var/folders/0_/fr801301719cd5q6dym5_3b40000gn/T/XcodeDistPipeline.~~~zgvgVP/Root/Payload/PaynetOne.app: signed app bundle with Mach-O thin (arm64) [vinatti.com.vn.PaynetOne]
2022-04-07 08:13:51 +0000  /usr/bin/codesign exited with 0
2022-04-07 08:13:51 +0000  Processing step: IDEDistributionZipODRItemStep
2022-04-07 08:13:51 +0000  Skipping step: IDEDistributionZipODRItemStep because it said so
2022-04-07 08:13:51 +0000  Skipping step: IDEDistributionZipODRItemStep because it said so
2022-04-07 08:13:51 +0000  Skipping step: IDEDistributionZipODRItemStep because it said so
2022-04-07 08:13:51 +0000  Skipping step: IDEDistributionZipODRItemStep because it said so
2022-04-07 08:13:51 +0000  Skipping step: IDEDistributionZipODRItemStep because it said so
2022-04-07 08:13:51 +0000  Skipping step: IDEDistributionZipODRItemStep because it said so
2022-04-07 08:13:51 +0000  Skipping step: IDEDistributionZipODRItemStep because it said so
2022-04-07 08:13:51 +0000  Skipping step: IDEDistributionZipODRItemStep because it said so
2022-04-07 08:13:51 +0000  Processing step: IDEDistributionCreateIPAStep
2022-04-07 08:13:51 +0000  Running /usr/bin/ditto '-V' '-c' '-k' '--norsrc' '/var/folders/0_/fr801301719cd5q6dym5_3b40000gn/T/XcodeDistPipeline.~~~zgvgVP/Root' '/var/folders/0_/fr801301719cd5q6dym5_3b40000gn/T/XcodeDistPipeline.~~~zgvgVP/Packages/PaynetOne.ipa'
2022-04-07 08:13:51 +0000  >>> Copying /var/folders/0_/fr801301719cd5q6dym5_3b40000gn/T/XcodeDistPipeline.~~~zgvgVP/Root 
2022-04-07 08:13:51 +0000  copying file ./Payload/PaynetOne.app/_CodeSignature/CodeResources ... 
2022-04-07 08:13:51 +0000  9771 bytes for ./Payload/PaynetOne.app/_CodeSignature/CodeResources
copying file ./Payload/PaynetOne.app/AppIcon60x60@2x.png ... 
2022-04-07 08:13:51 +0000  4044 bytes for ./Payload/PaynetOne.app/AppIcon60x60@2x.png
2022-04-07 08:13:51 +0000  copying file ./Payload/PaynetOne.app/Base.lproj/LaunchScreen.storyboardc/01J-lp-oVM-view-Ze5-6b-2t3.nib ... 
2022-04-07 08:13:51 +0000  2115 bytes for ./Payload/PaynetOne.app/Base.lproj/LaunchScreen.storyboardc/01J-lp-oVM-view-Ze5-6b-2t3.nib
copying file ./Payload/PaynetOne.app/Base.lproj/LaunchScreen.storyboardc/UIViewController-01J-lp-oVM.nib ... 
2022-04-07 08:13:51 +0000  896 bytes for ./Payload/PaynetOne.app/Base.lproj/LaunchScreen.storyboardc/UIViewController-01J-lp-oVM.nib
copying file ./Payload/PaynetOne.app/Base.lproj/LaunchScreen.storyboardc/Info.plist ... 
2022-04-07 08:13:51 +0000  258 bytes for ./Payload/PaynetOne.app/Base.lproj/LaunchScreen.storyboardc/Info.plist
copying file ./Payload/PaynetOne.app/privateKey.pem ... 
2022-04-07 08:13:51 +0000  915 bytes for ./Payload/PaynetOne.app/privateKey.pem
copying file ./Payload/PaynetOne.app/Assets.car ... 
2022-04-07 08:13:51 +0000  347471 bytes for ./Payload/PaynetOne.app/Assets.car
copying file ./Payload/PaynetOne.app/PaynetOne ... 
2022-04-07 08:13:51 +0000  597808 bytes for ./Payload/PaynetOne.app/PaynetOne
copying file ./Payload/PaynetOne.app/Frameworks/libswift_Concurrency.dylib ... 
2022-04-07 08:13:51 +0000  513744 bytes for ./Payload/PaynetOne.app/Frameworks/libswift_Concurrency.dylib
2022-04-07 08:13:51 +0000  copying file ./Payload/PaynetOne.app/Frameworks/IQKeyboardManagerSwift.framework/_CodeSignature/CodeResources ... 
1798 bytes for ./Payload/PaynetOne.app/Frameworks/IQKeyboardManagerSwift.framework/_CodeSignature/CodeResources
copying file ./Payload/PaynetOne.app/Frameworks/IQKeyboardManagerSwift.framework/IQKeyboardManagerSwift ... 
2022-04-07 08:13:51 +0000  826976 bytes for ./Payload/PaynetOne.app/Frameworks/IQKeyboardManagerSwift.framework/IQKeyboardManagerSwift
copying file ./Payload/PaynetOne.app/Frameworks/IQKeyboardManagerSwift.framework/Info.plist ... 
2022-04-07 08:13:51 +0000  769 bytes for ./Payload/PaynetOne.app/Frameworks/IQKeyboardManagerSwift.framework/Info.plist
2022-04-07 08:13:51 +0000  copying file ./Payload/PaynetOne.app/Frameworks/Toast_Swift.framework/_CodeSignature/CodeResources ... 
2022-04-07 08:13:51 +0000  1798 bytes for ./Payload/PaynetOne.app/Frameworks/Toast_Swift.framework/_CodeSignature/CodeResources
copying file ./Payload/PaynetOne.app/Frameworks/Toast_Swift.framework/Toast_Swift ... 
2022-04-07 08:13:51 +0000  232560 bytes for ./Payload/PaynetOne.app/Frameworks/Toast_Swift.framework/Toast_Swift
copying file ./Payload/PaynetOne.app/Frameworks/Toast_Swift.framework/Info.plist ... 
2022-04-07 08:13:51 +0000  745 bytes for ./Payload/PaynetOne.app/Frameworks/Toast_Swift.framework/Info.plist
2022-04-07 08:13:51 +0000  copying file ./Payload/PaynetOne.app/Frameworks/StepIndicator.framework/_CodeSignature/CodeResources ... 
2022-04-07 08:13:51 +0000  2446 bytes for ./Payload/PaynetOne.app/Frameworks/StepIndicator.framework/_CodeSignature/CodeResources
copying file ./Payload/PaynetOne.app/Frameworks/StepIndicator.framework/StepIndicator.bundle/Assets.car ... 
2022-04-07 08:13:51 +0000  25759 bytes for ./Payload/PaynetOne.app/Frameworks/StepIndicator.framework/StepIndicator.bundle/Assets.car
copying file ./Payload/PaynetOne.app/Frameworks/StepIndicator.framework/StepIndicator.bundle/Info.plist ... 
2022-04-07 08:13:51 +0000  724 bytes for ./Payload/PaynetOne.app/Frameworks/StepIndicator.framework/StepIndicator.bundle/Info.plist
copying file ./Payload/PaynetOne.app/Frameworks/StepIndicator.framework/StepIndicator ... 
2022-04-07 08:13:51 +0000  241200 bytes for ./Payload/PaynetOne.app/Frameworks/StepIndicator.framework/StepIndicator
copying file ./Payload/PaynetOne.app/Frameworks/StepIndicator.framework/Info.plist ... 
2022-04-07 08:13:51 +0000  749 bytes for ./Payload/PaynetOne.app/Frameworks/StepIndicator.framework/Info.plist
2022-04-07 08:13:51 +0000  copying file ./Payload/PaynetOne.app/Frameworks/Alamofire.framework/_CodeSignature/CodeResources ... 
2022-04-07 08:13:51 +0000  1798 bytes for ./Payload/PaynetOne.app/Frameworks/Alamofire.framework/_CodeSignature/CodeResources
copying file ./Payload/PaynetOne.app/Frameworks/Alamofire.framework/Alamofire ... 
2022-04-07 08:13:51 +0000  3249040 bytes for ./Payload/PaynetOne.app/Frameworks/Alamofire.framework/Alamofire
copying file ./Payload/PaynetOne.app/Frameworks/Alamofire.framework/Info.plist ... 
2022-04-07 08:13:51 +0000  742 bytes for ./Payload/PaynetOne.app/Frameworks/Alamofire.framework/Info.plist
copying file ./Payload/PaynetOne.app/Frameworks/ObjectMapper.framework/_CodeSignature/CodeResources ... 
1798 bytes for ./Payload/PaynetOne.app/Frameworks/ObjectMapper.framework/_CodeSignature/CodeResources
copying file ./Payload/PaynetOne.app/Frameworks/ObjectMapper.framework/ObjectMapper ... 
2022-04-07 08:13:51 +0000  506512 bytes for ./Payload/PaynetOne.app/Frameworks/ObjectMapper.framework/ObjectMapper
copying file ./Payload/PaynetOne.app/Frameworks/ObjectMapper.framework/Info.plist ... 
2022-04-07 08:13:51 +0000  747 bytes for ./Payload/PaynetOne.app/Frameworks/ObjectMapper.framework/Info.plist
2022-04-07 08:13:51 +0000  copying file ./Payload/PaynetOne.app/Frameworks/SwiftyRSA.framework/_CodeSignature/CodeResources ... 
1798 bytes for ./Payload/PaynetOne.app/Frameworks/SwiftyRSA.framework/_CodeSignature/CodeResources
copying file ./Payload/PaynetOne.app/Frameworks/SwiftyRSA.framework/SwiftyRSA ... 
2022-04-07 08:13:51 +0000  344976 bytes for ./Payload/PaynetOne.app/Frameworks/SwiftyRSA.framework/SwiftyRSA
copying file ./Payload/PaynetOne.app/Frameworks/SwiftyRSA.framework/Info.plist ... 
2022-04-07 08:13:51 +0000  789 bytes for ./Payload/PaynetOne.app/Frameworks/SwiftyRSA.framework/Info.plist
copying file ./Payload/PaynetOne.app/embedded.mobileprovision ... 
2022-04-07 08:13:51 +0000  16357 bytes for ./Payload/PaynetOne.app/embedded.mobileprovision
copying file ./Payload/PaynetOne.app/Info.plist ... 
2022-04-07 08:13:51 +0000  1724 bytes for ./Payload/PaynetOne.app/Info.plist
copying file ./Payload/PaynetOne.app/PkgInfo ... 
2022-04-07 08:13:51 +0000  8 bytes for ./Payload/PaynetOne.app/PkgInfo
2022-04-07 08:13:51 +0000  /usr/bin/ditto exited with 0
2022-04-07 08:13:51 +0000  Processing step: IDEDistributionAppStoreInformationStep
2022-04-07 08:13:51 +0000  Skipping step: IDEDistributionAppStoreInformationStep because it said so
2022-04-07 08:13:51 +0000  Processing step: IDEDistributionGenerateProcessedDistributionItems
2022-04-07 08:13:51 +0000  IDEDistributionItem init <DVTFilePath:0x7fa3d54f9ef0:'/var/folders/0_/fr801301719cd5q6dym5_3b40000gn/T/XcodeDistPipeline.~~~zgvgVP/Root/Payload/PaynetOne.app/Frameworks/IQKeyboardManagerSwift.framework'>
2022-04-07 08:13:51 +0000  IDEDistributionItem init <DVTFilePath:0x7fa3777b92b0:'/var/folders/0_/fr801301719cd5q6dym5_3b40000gn/T/XcodeDistPipeline.~~~zgvgVP/Root/Payload/PaynetOne.app/Frameworks/ObjectMapper.framework'>
2022-04-07 08:13:51 +0000  IDEDistributionItem init <DVTFilePath:0x7fa3c4e275e0:'/var/folders/0_/fr801301719cd5q6dym5_3b40000gn/T/XcodeDistPipeline.~~~zgvgVP/Root/Payload/PaynetOne.app/Frameworks/Toast_Swift.framework'>
2022-04-07 08:13:51 +0000  IDEDistributionItem init <DVTFilePath:0x7fa3d1236ef0:'/var/folders/0_/fr801301719cd5q6dym5_3b40000gn/T/XcodeDistPipeline.~~~zgvgVP/Root/Payload/PaynetOne.app/Frameworks/libswift_Concurrency.dylib'>
2022-04-07 08:13:51 +0000  [OPTIONAL] Can't have a profile, not a bundle at <DVTFilePath:0x7fa3d1236ef0:'/var/folders/0_/fr801301719cd5q6dym5_3b40000gn/T/XcodeDistPipeline.~~~zgvgVP/Root/Payload/PaynetOne.app/Frameworks/libswift_Concurrency.dylib'>
2022-04-07 08:13:51 +0000  IDEDistributionItem init <DVTFilePath:0x7fa3d4442d70:'/var/folders/0_/fr801301719cd5q6dym5_3b40000gn/T/XcodeDistPipeline.~~~zgvgVP/Root/Payload/PaynetOne.app/Frameworks/StepIndicator.framework'>
2022-04-07 08:13:51 +0000  IDEDistributionItem init <DVTFilePath:0x7fa4143bd900:'/var/folders/0_/fr801301719cd5q6dym5_3b40000gn/T/XcodeDistPipeline.~~~zgvgVP/Root/Payload/PaynetOne.app/Frameworks/SwiftyRSA.framework'>
2022-04-07 08:13:51 +0000  IDEDistributionItem init <DVTFilePath:0x7fa3d56dc510:'/var/folders/0_/fr801301719cd5q6dym5_3b40000gn/T/XcodeDistPipeline.~~~zgvgVP/Root/Payload/PaynetOne.app/Frameworks/Alamofire.framework'>
2022-04-07 08:13:51 +0000  IDEDistributionItem init <DVTFilePath:0x7fa3f36c73a0:'/var/folders/0_/fr801301719cd5q6dym5_3b40000gn/T/XcodeDistPipeline.~~~zgvgVP/Root/Payload/PaynetOne.app'>
2022-04-07 08:13:51 +0000  Processing step: IDEDistributionCreateManifestStep
